<?xml version="1.0" encoding="UTF-8"?>
<robot generator="Robot 4.1.3 (Python 3.10.2 on win32)" generated="20220306 15:51:23.884" rpa="false" schemaversion="2">
<suite id="s1" name="APILearn" source="D:\Documents\Studies\robotLearning\APILearn">
<suite id="s1-s1" name="Suite2" source="D:\Documents\Studies\robotLearning\APILearn\suite2.robot">
<kw name="Conectar minha API" library="resourceFakeAPI" type="SETUP">
<kw name="Create Session" library="RequestsLibrary">
<arg>${ALIAS}</arg>
<arg>${URL_API}</arg>
<doc>Create Session: create a HTTP session to a server</doc>
<msg timestamp="20220306 15:51:24.175" level="INFO">Creating Session using : alias=fakeAPI, url=https://fakerestapi.azurewebsites.net/api/v1/, headers={},                     cookies={}, auth=None, timeout=None, proxies=None, verify=False,                     debug=0 </msg>
<status status="PASS" starttime="20220306 15:51:24.174" endtime="20220306 15:51:24.175"/>
</kw>
<status status="PASS" starttime="20220306 15:51:24.172" endtime="20220306 15:51:24.175"/>
</kw>
<test id="s1-s1-t1" name="Example - Editar corpo de um JSON passado">
<kw name="Catenate" library="BuiltIn">
<var>${json_string}</var>
<arg>{</arg>
<arg>"p": "10",</arg>
<arg>"v": 100,</arg>
<arg>"vt": {</arg>
<arg>"dp": "Field to be edited"</arg>
<arg>}</arg>
<arg>}</arg>
<doc>Catenates the given items together and returns the resulted string.</doc>
<msg timestamp="20220306 15:51:24.178" level="INFO">${json_string} = { "p": "10", "v": 100, "vt": { "dp": "Field to be edited" } }</msg>
<status status="PASS" starttime="20220306 15:51:24.177" endtime="20220306 15:51:24.178"/>
</kw>
<kw name="Log To Console" library="BuiltIn">
<arg>\nOriginal JSON:\n${json_string}</arg>
<doc>Logs the given message to the console.</doc>
<status status="PASS" starttime="20220306 15:51:24.178" endtime="20220306 15:51:24.178"/>
</kw>
<kw name="Alterar corpo de um json">
<var>${newJSON}</var>
<arg>${json_string}</arg>
<arg>vt</arg>
<arg>the new value</arg>
<kw name="Evaluate" library="BuiltIn">
<var>${json}</var>
<arg>json.loads('''${jsonOriginal}''')</arg>
<arg>json</arg>
<doc>Evaluates the given expression in Python and returns the result.</doc>
<msg timestamp="20220306 15:51:24.180" level="INFO">${json} = {'p': '10', 'v': 100, 'vt': {'dp': 'Field to be edited'}}</msg>
<status status="PASS" starttime="20220306 15:51:24.179" endtime="20220306 15:51:24.180"/>
</kw>
<kw name="Set To Dictionary" library="Collections">
<arg>${json["${parametroAlterar}"]}</arg>
<arg>dp=${novoValor}</arg>
<doc>Adds the given ``key_value_pairs`` and ``items`` to the ``dictionary``.</doc>
<status status="PASS" starttime="20220306 15:51:24.180" endtime="20220306 15:51:24.181"/>
</kw>
<kw name="Evaluate" library="BuiltIn">
<var>${novoJson}</var>
<arg>json.dumps(${json})</arg>
<arg>json</arg>
<doc>Evaluates the given expression in Python and returns the result.</doc>
<msg timestamp="20220306 15:51:24.182" level="INFO">${novoJson} = {"p": "10", "v": 100, "vt": {"dp": "the new value"}}</msg>
<status status="PASS" starttime="20220306 15:51:24.181" endtime="20220306 15:51:24.182"/>
</kw>
<msg timestamp="20220306 15:51:24.182" level="INFO">${newJSON} = {"p": "10", "v": 100, "vt": {"dp": "the new value"}}</msg>
<status status="PASS" starttime="20220306 15:51:24.179" endtime="20220306 15:51:24.182"/>
</kw>
<kw name="Log To Console" library="BuiltIn">
<arg>\nNew JSON string:\n${newJSON}</arg>
<doc>Logs the given message to the console.</doc>
<status status="PASS" starttime="20220306 15:51:24.182" endtime="20220306 15:51:24.183"/>
</kw>
<status status="PASS" starttime="20220306 15:51:24.175" endtime="20220306 15:51:24.183"/>
</test>
<doc>Documentação da API: https://fakerestapi.azurewebsites.net/index.html</doc>
<status status="PASS" starttime="20220306 15:51:24.005" endtime="20220306 15:51:24.195"/>
</suite>
<status status="PASS" starttime="20220306 15:51:23.919" endtime="20220306 15:51:24.197"/>
</suite>
<statistics>
<total>
<stat pass="1" fail="0" skip="0">All Tests</stat>
</total>
<tag>
</tag>
<suite>
<stat pass="1" fail="0" skip="0" id="s1" name="APILearn">APILearn</stat>
<stat pass="1" fail="0" skip="0" id="s1-s1" name="Suite2">APILearn.Suite2</stat>
</suite>
</statistics>
<errors>
</errors>
</robot>
