<?xml version="1.0" encoding="UTF-8"?>
<robot generator="Robot 4.1.3 (Python 3.10.2 on win32)" generated="20220306 15:51:23.884" rpa="false" schemaversion="2">
<suite id="s1" name="APILearn" source="D:\Documents\Studies\robotLearning\APILearn">
<suite id="s1-s1" name="fakeAPI" source="D:\Documents\Studies\robotLearning\APILearn\fakeAPI.robot">
<kw name="Conectar minha API" library="resourceFakeAPI" type="SETUP">
<kw name="Create Session" library="RequestsLibrary">
<arg>${ALIAS}</arg>
<arg>${URL_API}</arg>
<doc>Create Session: create a HTTP session to a server</doc>
<msg timestamp="20220306 15:51:24.174" level="INFO">Creating Session using : alias=fakeAPI, url=https://fakerestapi.azurewebsites.net/api/v1/, headers={},                     cookies={}, auth=None, timeout=None, proxies=None, verify=False,                     debug=0 </msg>
<status status="PASS" starttime="20220306 15:51:24.174" endtime="20220306 15:51:24.175"/>
</kw>
<status status="PASS" starttime="20220306 15:51:24.172" endtime="20220306 15:51:24.175"/>
</kw>
<test id="s1-s1-t1" name="Buscar a litagem de todos os livros (GET livros)">
<kw name="Requisitar todos os livros" library="resourceFakeAPI">
<kw name="GET On Session" library="RequestsLibrary">
<var>${RESPOSTA}</var>
<arg>${ALIAS}</arg>
<arg>Books</arg>
<doc>Sends a GET request on a previously created HTTP Session.</doc>
<msg timestamp="20220306 15:51:27.134" level="INFO">GET Request : url=https://fakerestapi.azurewebsites.net/api/v1/Books 
 path_url=/api/v1/Books 
 headers={'User-Agent': 'python-requests/2.27.1', 'Accept-Encoding': 'gzip, deflate', 'Accept': '*/*', 'Connection': 'keep-alive'} 
 body=None 
 </msg>
<msg timestamp="20220306 15:51:27.137" level="INFO">GET Response : url=https://fakerestapi.azurewebsites.net/api/v1/Books 
 status=200, reason=OK 
 headers={'Transfer-Encoding': 'chunked', 'Content-Type': 'application/json; charset=utf-8; v=1.0', 'Server': 'Kestrel', 'api-supported-versions': '1.0', 'Date': 'Sun, 06 Mar 2022 18:51:25 GMT'} 
 body=[{"id":1,"title":"Book 1","description":"Takimata molestie dolores sea sadipscing eu et diam tempor no sea sed feugait zzril dolores. Clita sit et eos sed eirmod justo eos ea soluta nulla. Euismod sanctus consequat sadipscing in et tempor sed lorem. Sed nonumy iriure.\n","pageCount":100,"excerpt":"Facilisis facilisis amet lorem kasd amet eu et hendrerit commodo vero eirmod ipsum veniam amet dolore. Vero at aliquyam magna sadipscing ea duo invidunt diam voluptua. Sed et labore clita stet ut at sanctus.\nDolor diam sit dolore no stet justo exerci ut amet gubergren diam et ea tempor tempor labore. Ea doming erat et vero eos elitr sit veniam dolore clita cum hendrerit. Elitr gubergren diam minim dolores augue. Ut lorem dolor tincidunt ex ea odio consequat qui sea nulla dolor eos dolor vero autem. Lobortis eos consetetur. Elit tation nonumy eleifend est consetetur lorem sed. Elitr lorem nulla. Facilisis dolor accusam invidunt mazim sea accusam lorem gubergren aliquam sadipscing ut ad justo dolor kasd. Est erat et dolore tempor elitr at sed id accusam dolor sanctus feugiat luptatum eos diam velit. Vero diam suscipit ea ea nonumy dolor esse labore erat consetetur vero at sit facilisis voluptua. Sed laoreet veniam eum nonumy sit stet dolor tempor delenit in aliquyam et aliquip et diam. Tincidunt dolor laoreet vulputate ea magna magna.\nErat et labore sit vel vel est ad dolore consectetuer at in tation feugiat autem duo diam nostrud. Quod clita et consequat magna at dolor kasd labore dolore voluptua placerat diam kasd ipsum dolores aliquyam te. Eirmod gubergren ut nulla laoreet nulla dolor vero duo aliquip diam lobortis accusam. Qui nonumy erat est dignissim elitr ut lorem et commodo labore. Amet labore ad gubergren wisi wisi sed et est accusam ea ipsum eirmod eu amet. Eos facilisi amet eos ut sit nonumy voluptua dolor stet amet ex dolor. Sit in consetetur gubergren dignissim dolores et ut diam elit sit sit tempor rebum assum voluptua. Tempor sit takimata congue gubergren. Consetetur luptatum consetetur augue amet takimata ut est esse blandit et aliquip nostrud. Lorem sit sed sed vel nobis zzril facer iusto rebum accumsan blandit diam sit vero iusto nibh volutpat accumsan. Amet eleifend nibh laoreet magna ipsum ut takimata ad sit dolores consetetur at et clita sed. Et dolores no dolore sit. Aliquyam eirmod ut erat takimata dolor et eirmod duo sit clita no eos esse tincidunt no minim.\nSed est diam illum sadipscing consetetur labore et lorem delenit duo ea. Dolore eos dolor amet nonumy et eirmod sea consequat clita. Dolore vel sanctus facilisi eirmod clita. Invidunt stet labore tation.\nNibh lorem invidunt nonumy eleifend kasd sadipscing ea dolore dolores ipsum. Et sed justo facer. Rebum congue elitr ea et erat tempor dolor consetetur. Lobortis duis sit amet et luptatum aliquyam takimata vero ut gubergren. Diam et sit et zzril nonummy lobortis.\n","publishDate":"2022-03-05T18:51:25.4498136+00:00"},{"id":2,"title":"Book 2","description":"Tempor illum amet invidunt clita rebum commodo tempor in praesent ad sanctus ut. Tempor aliquyam facer vero dolor vel ut delenit. Accusam vulputate sit et consectetuer labore rebum gubergren invidunt eos. Ut consetetur dignissim takimata feugait soluta rebum augue ut invidunt minim vero commodo duo rebum invidunt at.\n","pageCount":200,"excerpt":"Et invidunt sed rebum sed praesent lorem et et consetetur dolore et nibh at. Sit sadipscing diam magna labore amet erat voluptua nibh justo. Stet facilisis invidunt duo dolor velit. Minim kasd molestie rebum.\nLaoreet gubergren sea amet in erat nostrud nonumy. Et duo et euismod dolor et possim diam aliquyam duis consetetur eos lobortis nonumy. Dolor sit amet clita kasd stet sea odio sit tempor et vero exerci tempor dolores molestie euismod commodo vel. Sanctus nulla in amet consetetur diam iusto in nobis erat blandit. Velit sed sadipscing elitr nonumy ea sanctus ipsum dolor duis voluptua dolor est sed dolore invidunt. Sit in in et feugiat sit voluptua est est duo illum vero dolor est. Eirmod dolor dolor dolore gubergren te sanctus. Eos facilisis kasd consetetur ipsum dolor sed ipsum.\nNonumy aliquyam et erat vel. Aliquyam et accusam vero. Nonummy duis clita. Invidunt molestie consequat facilisi et vero consequat takimata erat dolores. Tempor dolor ut lorem ea rebum magna velit sanctus lorem nibh voluptua et diam justo eos nonumy. Exerci sit dolore lorem odio ipsum. Est rebum sit no quod et eirmod stet est diam erat diam dolores takimata. Ipsum sea aliquyam facilisi te no et aliquyam zzril et feugiat invidunt ipsum lorem aliquyam liber lorem et consectetuer. Qui clita elit eos vel eirmod stet illum diam nonumy tempor ipsum euismod at elitr at euismod erat elitr. Justo duo adipiscing. Kasd sea invidunt hendrerit at dolore delenit. Eu amet vel gubergren doming sea takimata nam dolor dolores diam et dolores. Duis mazim sanctus lorem. Aliquam vero et odio. Aliquyam at et ut invidunt est nostrud in takimata consectetuer eos takimata sit eleifend lorem. Et lorem delenit et vel accusam est et. Tincidunt commodo ipsum sanctus erat sit sea sed stet elit vel ut lorem volutpat sed ut duo. Illum duo exerci dolor dolore sanctus sed augue ipsum kasd dolore at.\nSit volutpat consetetur takimata justo dolore sit eos et nulla et accusam ad. Elitr blandit eos rebum diam sanctus accusam sit ut magna dolor amet consequat ex elitr sit amet et accusam. Aliquyam dolore nulla ut et illum eirmod kasd dolor in stet laoreet exerci. Aliquyam lorem eirmod et sed molestie praesent amet dolor clita est est et delenit magna justo. Nulla praesent ipsum te quis. Esse placerat diam dolores dolor amet sed sit clita et at kasd nonumy no eros magna adipiscing. Nonumy ut enim erat consequat sit. Magna et sea et sea ad. Erat sed consequat eum accusam et eos dolores sanctus clita sadipscing. Nonummy ipsum sed gubergren gubergren sanctus et labore ut at eum no est. Sadipscing ad duo et justo lorem diam vero ea. Amet rebum duo aliquyam vero accusam sed ipsum invidunt eirmod sadipscing diam nonumy et ipsum voluptua at erat consetetur. Ea dolore lorem delenit exerci feugiat amet eos sadipscing diam sanctus soluta eirmod. Lorem amet facilisi lorem. Amet ipsum consetetur et amet dolores molestie invidunt amet ut. Sed ipsum magna elitr elit ut sed ex tempor rebum iusto est gubergren sit et dolore dolor. Eos dolor diam et lorem amet at voluptua dolores est ea diam lorem est. Amet clita in accusam amet.\nEt ipsum sit magna sed no dolores at vulputate tincidunt ipsum aliquyam eos kasd eirmod in. Tempor duo takimata ipsum invidunt justo sit. Praesent amet no ut dolor eirmod ut at consetetur ipsum labore est accusam dolores ea eirmod. Ipsum aliquam ullamcorper eos dolore facer stet assum magna ut diam gubergren no tempor duis eos accusam consetetur. Nulla diam sit eos amet. Rebum justo eos tempor nonumy accusam ipsum et dolore amet illum diam ipsum ut no dolor magna kasd ipsum. Et ipsum diam illum magna clita lorem eos kasd dolor possim et kasd duo molestie laoreet lobortis. Ullamcorper rebum vero nonumy delenit et ea dolore duo exerci labore magna te cum. Dolor diam no sed ipsum nonumy et ipsum aliquyam. Dolor nonumy invidunt consequat. Et voluptua magna clita sit. Vero exerci dolor laoreet qui dolores dolor dolore nonumy magna voluptua. Eum rebum erat.\n","publishDate":"2022-03-04T18:51:25.4498859+00:00"},{"id":3,"title":"Book 3","description":"Duo rebum facer dolores consetetur no est elitr vel invidunt. Et kasd at vel duo rebum eos duis est dolores ut accusam sit dolore diam erat. Sadipscing velit labore takimata eos et odio lorem erat dolor aliquyam dolore illum dolore takimata. Invidunt nonumy erat vero at justo amet in eleifend iusto aliquyam et elitr ipsum labore lorem. Invidunt eu eos ipsum no ipsum tempor dignissim ipsum facilisi in dolor ea possim consectetuer erat suscipit. Sadipscing kasd esse suscipit sed sed. Sed amet ad esse in tincidunt nam at.\n","pageCount":300,"excerpt":"Dolores et erat dolor invidunt elitr. Nibh nulla sed dolore velit labore sed lorem nobis. Laoreet sadipscing ipsum clita. Enim no ut lorem mazim dolore et et ut. Duo in labore nonummy stet sanctus takimata dignissim duo sed. Eirmod et esse et labore wisi sed vel aliquyam dolore. Consequat takimata sit et no et. Aliquam nonumy nihil sanctus sadipscing blandit tempor dolore sed. Dolore aliquam takimata et labore ipsum duo elitr dolore tempor nulla eos ut ea est accusam invidunt. Quod dolor mazim nulla vero invidunt rebum nulla magna facilisis vero est exerci vero sea dolor dolores. No dolore dolor sed et consequat erat amet kasd vero est dolore amet. Consectetuer ipsum dolor amet augue lorem amet tempor. In et sed blandit et. Dolores et eos nihil sea nostrud amet. Et aliquyam sit sit rebum voluptua diam. Lorem velit justo vulputate est et dolores sea rebum labore nam ut.\nTakimata sed erat et te ipsum sanctus cum consetetur diam lorem et et no volutpat invidunt et clita. Diam sit dolor ea volutpat voluptua. Est vero elit vero sanctus sed clita lorem lorem duo rebum sit amet odio nihil magna. Sadipscing vulputate nonumy dolore consequat. Eum sit autem consetetur cum. Eos dolor sit in wisi.\nJusto et accusam et. Sit facilisi amet eirmod tempor nonummy est tation ut at takimata. Vulputate diam ipsum labore tempor et at labore sed no blandit lorem stet eirmod labore elitr minim amet eros. Aliquam lorem sit rebum nostrud exerci rebum ea vulputate elitr no et diam accusam justo esse sit autem. Dolor kasd eirmod voluptua voluptua nonumy. At praesent kasd diam amet feugait delenit dolore sed et. Est in imperdiet no erat sed velit eleifend dolores rebum elitr et no dolor dolore duis augue dolor. Nonumy tation vero stet molestie magna lorem sadipscing sit ea invidunt aliquam. Diam minim diam diam est nonumy consectetuer dolor suscipit quod et vel. Ut ut justo rebum. Dolor mazim ipsum. Molestie magna nonummy stet diam at ut. Kasd luptatum voluptua zzril no sit takimata hendrerit elitr tincidunt. Sit aliquip dolores dolor et... (set the log level to DEBUG or TRACE to see the full content) 
 </msg>
<msg timestamp="20220306 15:51:27.138" level="INFO">C:\Python310\lib\site-packages\urllib3\connectionpool.py:1043: InsecureRequestWarning: Unverified HTTPS request is being made to host 'fakerestapi.azurewebsites.net'. Adding certificate verification is strongly advised. See: https://urllib3.readthedocs.io/en/1.26.x/advanced-usage.html#ssl-warnings
  warnings.warn(</msg>
<msg timestamp="20220306 15:51:27.142" level="INFO">${RESPOSTA} = &lt;Response [200]&gt;</msg>
<status status="PASS" starttime="20220306 15:51:24.177" endtime="20220306 15:51:27.142"/>
</kw>
<kw name="Log" library="BuiltIn">
<arg>${RESPOSTA.text}</arg>
<doc>Logs the given message with the given level.</doc>
<msg timestamp="20220306 15:51:27.166" level="INFO">[{"id":1,"title":"Book 1","description":"Takimata molestie dolores sea sadipscing eu et diam tempor no sea sed feugait zzril dolores. Clita sit et eos sed eirmod justo eos ea soluta nulla. Euismod sanctus consequat sadipscing in et tempor sed lorem. Sed nonumy iriure.\n","pageCount":100,"excerpt":"Facilisis facilisis amet lorem kasd amet eu et hendrerit commodo vero eirmod ipsum veniam amet dolore. Vero at aliquyam magna sadipscing ea duo invidunt diam voluptua. Sed et labore clita stet ut at sanctus.\nDolor diam sit dolore no stet justo exerci ut amet gubergren diam et ea tempor tempor labore. Ea doming erat et vero eos elitr sit veniam dolore clita cum hendrerit. Elitr gubergren diam minim dolores augue. Ut lorem dolor tincidunt ex ea odio consequat qui sea nulla dolor eos dolor vero autem. Lobortis eos consetetur. Elit tation nonumy eleifend est consetetur lorem sed. Elitr lorem nulla. Facilisis dolor accusam invidunt mazim sea accusam lorem gubergren aliquam sadipscing ut ad justo dolor kasd. Est erat et dolore tempor elitr at sed id accusam dolor sanctus feugiat luptatum eos diam velit. Vero diam suscipit ea ea nonumy dolor esse labore erat consetetur vero at sit facilisis voluptua. Sed laoreet veniam eum nonumy sit stet dolor tempor delenit in aliquyam et aliquip et diam. Tincidunt dolor laoreet vulputate ea magna magna.\nErat et labore sit vel vel est ad dolore consectetuer at in tation feugiat autem duo diam nostrud. Quod clita et consequat magna at dolor kasd labore dolore voluptua placerat diam kasd ipsum dolores aliquyam te. Eirmod gubergren ut nulla laoreet nulla dolor vero duo aliquip diam lobortis accusam. Qui nonumy erat est dignissim elitr ut lorem et commodo labore. Amet labore ad gubergren wisi wisi sed et est accusam ea ipsum eirmod eu amet. Eos facilisi amet eos ut sit nonumy voluptua dolor stet amet ex dolor. Sit in consetetur gubergren dignissim dolores et ut diam elit sit sit tempor rebum assum voluptua. Tempor sit takimata congue gubergren. Consetetur luptatum consetetur augue amet takimata ut est esse blandit et aliquip nostrud. Lorem sit sed sed vel nobis zzril facer iusto rebum accumsan blandit diam sit vero iusto nibh volutpat accumsan. Amet eleifend nibh laoreet magna ipsum ut takimata ad sit dolores consetetur at et clita sed. Et dolores no dolore sit. Aliquyam eirmod ut erat takimata dolor et eirmod duo sit clita no eos esse tincidunt no minim.\nSed est diam illum sadipscing consetetur labore et lorem delenit duo ea. Dolore eos dolor amet nonumy et eirmod sea consequat clita. Dolore vel sanctus facilisi eirmod clita. Invidunt stet labore tation.\nNibh lorem invidunt nonumy eleifend kasd sadipscing ea dolore dolores ipsum. Et sed justo facer. Rebum congue elitr ea et erat tempor dolor consetetur. Lobortis duis sit amet et luptatum aliquyam takimata vero ut gubergren. Diam et sit et zzril nonummy lobortis.\n","publishDate":"2022-03-05T18:51:25.4498136+00:00"},{"id":2,"title":"Book 2","description":"Tempor illum amet invidunt clita rebum commodo tempor in praesent ad sanctus ut. Tempor aliquyam facer vero dolor vel ut delenit. Accusam vulputate sit et consectetuer labore rebum gubergren invidunt eos. Ut consetetur dignissim takimata feugait soluta rebum augue ut invidunt minim vero commodo duo rebum invidunt at.\n","pageCount":200,"excerpt":"Et invidunt sed rebum sed praesent lorem et et consetetur dolore et nibh at. Sit sadipscing diam magna labore amet erat voluptua nibh justo. Stet facilisis invidunt duo dolor velit. Minim kasd molestie rebum.\nLaoreet gubergren sea amet in erat nostrud nonumy. Et duo et euismod dolor et possim diam aliquyam duis consetetur eos lobortis nonumy. Dolor sit amet clita kasd stet sea odio sit tempor et vero exerci tempor dolores molestie euismod commodo vel. Sanctus nulla in amet consetetur diam iusto in nobis erat blandit. Velit sed sadipscing elitr nonumy ea sanctus ipsum dolor duis voluptua dolor est sed dolore invidunt. Sit in in et feugiat sit voluptua est est duo illum vero dolor est. Eirmod dolor dolor dolore gubergren te sanctus. Eos facilisis kasd consetetur ipsum dolor sed ipsum.\nNonumy aliquyam et erat vel. Aliquyam et accusam vero. Nonummy duis clita. Invidunt molestie consequat facilisi et vero consequat takimata erat dolores. Tempor dolor ut lorem ea rebum magna velit sanctus lorem nibh voluptua et diam justo eos nonumy. Exerci sit dolore lorem odio ipsum. Est rebum sit no quod et eirmod stet est diam erat diam dolores takimata. Ipsum sea aliquyam facilisi te no et aliquyam zzril et feugiat invidunt ipsum lorem aliquyam liber lorem et consectetuer. Qui clita elit eos vel eirmod stet illum diam nonumy tempor ipsum euismod at elitr at euismod erat elitr. Justo duo adipiscing. Kasd sea invidunt hendrerit at dolore delenit. Eu amet vel gubergren doming sea takimata nam dolor dolores diam et dolores. Duis mazim sanctus lorem. Aliquam vero et odio. Aliquyam at et ut invidunt est nostrud in takimata consectetuer eos takimata sit eleifend lorem. Et lorem delenit et vel accusam est et. Tincidunt commodo ipsum sanctus erat sit sea sed stet elit vel ut lorem volutpat sed ut duo. Illum duo exerci dolor dolore sanctus sed augue ipsum kasd dolore at.\nSit volutpat consetetur takimata justo dolore sit eos et nulla et accusam ad. Elitr blandit eos rebum diam sanctus accusam sit ut magna dolor amet consequat ex elitr sit amet et accusam. Aliquyam dolore nulla ut et illum eirmod kasd dolor in stet laoreet exerci. Aliquyam lorem eirmod et sed molestie praesent amet dolor clita est est et delenit magna justo. Nulla praesent ipsum te quis. Esse placerat diam dolores dolor amet sed sit clita et at kasd nonumy no eros magna adipiscing. Nonumy ut enim erat consequat sit. Magna et sea et sea ad. Erat sed consequat eum accusam et eos dolores sanctus clita sadipscing. Nonummy ipsum sed gubergren gubergren sanctus et labore ut at eum no est. Sadipscing ad duo et justo lorem diam vero ea. Amet rebum duo aliquyam vero accusam sed ipsum invidunt eirmod sadipscing diam nonumy et ipsum voluptua at erat consetetur. Ea dolore lorem delenit exerci feugiat amet eos sadipscing diam sanctus soluta eirmod. Lorem amet facilisi lorem. Amet ipsum consetetur et amet dolores molestie invidunt amet ut. Sed ipsum magna elitr elit ut sed ex tempor rebum iusto est gubergren sit et dolore dolor. Eos dolor diam et lorem amet at voluptua dolores est ea diam lorem est. Amet clita in accusam amet.\nEt ipsum sit magna sed no dolores at vulputate tincidunt ipsum aliquyam eos kasd eirmod in. Tempor duo takimata ipsum invidunt justo sit. Praesent amet no ut dolor eirmod ut at consetetur ipsum labore est accusam dolores ea eirmod. Ipsum aliquam ullamcorper eos dolore facer stet assum magna ut diam gubergren no tempor duis eos accusam consetetur. Nulla diam sit eos amet. Rebum justo eos tempor nonumy accusam ipsum et dolore amet illum diam ipsum ut no dolor magna kasd ipsum. Et ipsum diam illum magna clita lorem eos kasd dolor possim et kasd duo molestie laoreet lobortis. Ullamcorper rebum vero nonumy delenit et ea dolore duo exerci labore magna te cum. Dolor diam no sed ipsum nonumy et ipsum aliquyam. Dolor nonumy invidunt consequat. Et voluptua magna clita sit. Vero exerci dolor laoreet qui dolores dolor dolore nonumy magna voluptua. Eum rebum erat.\n","publishDate":"2022-03-04T18:51:25.4498859+00:00"},{"id":3,"title":"Book 3","description":"Duo rebum facer dolores consetetur no est elitr vel invidunt. Et kasd at vel duo rebum eos duis est dolores ut accusam sit dolore diam erat. Sadipscing velit labore takimata eos et odio lorem erat dolor aliquyam dolore illum dolore takimata. Invidunt nonumy erat vero at justo amet in eleifend iusto aliquyam et elitr ipsum labore lorem. Invidunt eu eos ipsum no ipsum tempor dignissim ipsum facilisi in dolor ea possim consectetuer erat suscipit. Sadipscing kasd esse suscipit sed sed. Sed amet ad esse in tincidunt nam at.\n","pageCount":300,"excerpt":"Dolores et erat dolor invidunt elitr. Nibh nulla sed dolore velit labore sed lorem nobis. Laoreet sadipscing ipsum clita. Enim no ut lorem mazim dolore et et ut. Duo in labore nonummy stet sanctus takimata dignissim duo sed. Eirmod et esse et labore wisi sed vel aliquyam dolore. Consequat takimata sit et no et. Aliquam nonumy nihil sanctus sadipscing blandit tempor dolore sed. Dolore aliquam takimata et labore ipsum duo elitr dolore tempor nulla eos ut ea est accusam invidunt. Quod dolor mazim nulla vero invidunt rebum nulla magna facilisis vero est exerci vero sea dolor dolores. No dolore dolor sed et consequat erat amet kasd vero est dolore amet. Consectetuer ipsum dolor amet augue lorem amet tempor. In et sed blandit et. Dolores et eos nihil sea nostrud amet. Et aliquyam sit sit rebum voluptua diam. Lorem velit justo vulputate est et dolores sea rebum labore nam ut.\nTakimata sed erat et te ipsum sanctus cum consetetur diam lorem et et no volutpat invidunt et clita. Diam sit dolor ea volutpat voluptua. Est vero elit vero sanctus sed clita lorem lorem duo rebum sit amet odio nihil magna. Sadipscing vulputate nonumy dolore consequat. Eum sit autem consetetur cum. Eos dolor sit in wisi.\nJusto et accusam et. Sit facilisi amet eirmod tempor nonummy est tation ut at takimata. Vulputate diam ipsum labore tempor et at labore sed no blandit lorem stet eirmod labore elitr minim amet eros. Aliquam lorem sit rebum nostrud exerci rebum ea vulputate elitr no et diam accusam justo esse sit autem. Dolor kasd eirmod voluptua voluptua nonumy. At praesent kasd diam amet feugait delenit dolore sed et. Est in imperdiet no erat sed velit eleifend dolores rebum elitr et no dolor dolore duis augue dolor. Nonumy tation vero stet molestie magna lorem sadipscing sit ea invidunt aliquam. Diam minim diam diam est nonumy consectetuer dolor suscipit quod et vel. Ut ut justo rebum. Dolor mazim ipsum. Molestie magna nonummy stet diam at ut. Kasd luptatum voluptua zzril no sit takimata hendrerit elitr tincidunt. Sit aliquip dolores dolor et eleifend stet ullamcorper nulla dolore labore labore magna stet ut erat.\nSea sit et nonummy justo sanctus accumsan nisl duo hendrerit nulla stet. Magna duis sit sed duo duo erat enim elit rebum diam nonummy iusto sadipscing. Amet et at et ipsum eirmod amet rebum tation kasd ipsum eirmod sit. Et sanctus hendrerit nonummy duis dolore iusto duo ut labore euismod. Stet iriure dolore lorem lorem aliquyam ea elitr tation magna sit takimata autem et ut labore. Labore eleifend sed ut invidunt. Sea doming sit amet erat tation sed ut sed erat ut et laoreet magna ipsum kasd sanctus. Et dolores nobis eirmod vel dolor vero gubergren ut sed. Labore lorem dolore diam commodo vero. Ipsum ut nonumy eleifend consequat. Sed diam delenit volutpat dolor lorem consequat eos consetetur sed eos justo. Justo at lorem accusam clita tempor et dolore takimata erat. Elitr at dolore consetetur sea et autem molestie ipsum tempor eum sea et ipsum. Et sadipscing facilisis sea sea ipsum no et lorem ut eirmod dolor esse stet ut magna et ipsum. Rebum diam consequat nibh ea eos kasd euismod elit feugiat elitr dolores luptatum. Sed sit takimata justo eu iusto no amet sed lorem gubergren lorem nulla kasd at justo aliquyam nonummy te. Exerci magna et adipiscing delenit. Magna qui gubergren vero stet duo dolore nonumy kasd nostrud consetetur clita accusam gubergren et nulla invidunt sadipscing dolores.\nAmet lobortis wisi nonumy rebum at vero diam. Sed accusam est diam sed sed eos consectetuer sea sadipscing sit ipsum blandit elit vero diam takimata justo. Dolor nonumy veniam sit in nonumy ea et nostrud dolores eos te eum. Ea duis eirmod takimata dolore justo. At invidunt ut sed consetetur dolor eu vero placerat iriure hendrerit et ex amet sit et. Consectetuer tempor kasd. Te labore no. Esse vel tempor eum tempor dignissim ex amet duo eirmod no facilisis. Eum tempor eu takimata et facer dolore esse dolor sit augue dolor lorem takimata dolore no ut. Consequat voluptua sea at esse ad sed suscipit. Elitr eos eos aliquyam vero molestie clita elitr sanctus euismod luptatum iusto sadipscing et tincidunt dolor vel. Erat tempor enim duo sed et et takimata. Dolor justo ut tempor ipsum vel magna consectetuer luptatum lorem esse ut. Eirmod rebum sadipscing ipsum. Sadipscing elitr takimata ea labore sed est dolore duo veniam vero.\n","publishDate":"2022-03-03T18:51:25.4499628+00:00"},{"id":4,"title":"Book 4","description":"Lobortis accusam labore diam vero lobortis facilisis ex invidunt illum ut diam hendrerit. Aliquam erat lorem duis at duis et minim enim dolor tempor ut euismod dolore ea dolor luptatum exerci dignissim. Magna ea delenit diam in cum et ea sanctus eu justo. Sea dolore dolores ut clita ea ipsum ipsum lorem sed dolore accusam et nonumy et consetetur assum. Nulla dolor voluptua sed sed eos praesent. Vero at ipsum nobis te ut sed et sea mazim. Stet dolore amet gubergren labore soluta nonumy at elitr tempor sit et sed amet et delenit. Eum invidunt est sed ipsum nulla diam sed sit et amet vulputate in voluptua magna feugait. Voluptua molestie erat accusam elitr. Eirmod autem dolore diam eos et diam diam sed est. Ipsum et consequat tempor kasd. Nihil aliquam tempor tempor nulla nisl lorem diam et kasd et invidunt eu volutpat sit et. Dolores sed sit clita dolores et justo voluptua voluptua clita. Sanctus no et at. Magna ex stet et justo commodo. Nibh sed dolor no kasd accusam eros wisi sanctus magna elitr illum diam ea vero. Congue sit kasd et labore erat accusam duis nonumy diam accusam stet.\n","pageCount":400,"excerpt":"Sit erat eirmod lorem et ipsum rebum kasd no sanctus praesent vel ut at sit eirmod luptatum. Dolore et iusto lorem takimata et. Erat sanctus vero et et praesent enim commodo et option erat ea sed amet nisl wisi consequat sadipscing. Et luptatum augue aliquyam gubergren consectetuer sadipscing esse ut sit sadipscing duis lorem justo justo facilisi ipsum nostrud elitr. Ullamcorper ipsum eirmod sed consetetur et takimata hendrerit esse diam ut et nulla ipsum duo commodo praesent no. Dolor doming erat aliquyam dolor dolore ipsum vero. Sea ullamcorper feugait takimata gubergren et erat delenit eu tation ut tempor consetetur lorem ea amet eum justo. Volutpat eirmod ipsum nonumy eirmod. Sea veniam nibh et at. At duis ea elit sit ea ut consetetur gubergren vel dignissim justo kasd at. Nulla in ea justo adipiscing at tempor. Lorem tempor ut accusam clita accusam ut elitr in aliquip ea minim. Erat elitr eu amet magna erat vero sit tempor volutpat erat stet ipsum lorem et kasd ipsum. Augue accusam amet duis tempor vel sed lorem eos illum hendrerit consetetur et sit adipiscing esse sed et. Vero tempor duis vel dolore adipiscing eleifend consequat at gubergren dolore. Option et sed esse elitr diam.\nStet praesent gubergren sanctus ipsum no quod labore dolore consequat consequat diam ut kasd erat assum lorem takimata. Clita eros et ipsum amet et. Sed diam ipsum. Nonumy voluptua sed ut consequat sed gubergren in elitr clita elitr rebum. Quod iriure et sit esse consetetur diam tempor ut. Accusam eos feugiat rebum amet cum in magna diam duo laoreet veniam nisl voluptua dolore sadipscing accusam dolor eos. Dolore et vel consequat erat illum eirmod kasd facilisi amet stet elitr est eos et. Accusam nulla amet diam eirmod magna eirmod. Dolore dolore eirmod takimata autem. Et magna rebum ipsum placerat et sed dolor lorem lorem amet dolore elitr iriure. Illum takimata lorem eirmod in accusam ad volutpat et et. Dolore consequat et dolor iriure dolor dolor rebum elitr consequat diam dolores sit accusam lorem esse vero sit. Amet eirmod ea takimata ut in diam. Eos sea sea delenit option.\nEirmod justo invidunt takimata labore justo ut aliquyam sit lorem lorem. Luptatum dolores invidunt et in accusam suscipit commodo kasd consectetuer clita diam dolor ullamcorper sed ut est consequat. Imperdiet wisi no et. Praesent et at possim wisi no magna est lorem dolore. Invidunt invidunt at vulputate nonummy sed lorem magna sit kasd. Tempor et vero doming feugait vel dolor sea accumsan eos illum est et ut dolor justo.\nEst sea et dolores rebum elitr labore aliquyam amet consetetur aliquip clita dolor rebum velit minim. Elitr minim justo sit quis ipsum placerat sit illum dolore. No stet magna et duo amet kasd ipsum sea. Dolor consequat ut dolor vulputate eros eirmod dolor consetetur nonumy luptatum iusto at eirmod et dolores. Hendrerit aliquam at lorem aliquyam sanctus nisl accusam et rebum ipsum consetetur dolor ipsum consectetuer aliquip stet diam. Nibh tempor vero vero ipsum wisi no sit amet est eirmod iriure duo sit consetetur tincidunt lorem et et. Feugait consequat voluptua facilisi augue justo ipsum elitr. Ea duo feugiat volutpat sea suscipit lorem qui kasd diam dignissim est kasd iusto. Amet possim ea eum at placerat et odio dolor dolore aliquyam consetetur gubergren molestie lorem magna feugiat et. Ut tempor voluptua at no rebum erat accusam diam. Rebum dolores elit aliquyam kasd minim vero eos. Dolores amet duis ea ut duis justo clita diam ipsum stet takimata. Lobortis est invidunt duis sit. Possim aliquyam erat vel et no et ea vulputate stet. Accusam at at stet lorem nonumy at et sea voluptua sed sit nostrud lorem euismod invidunt nostrud. Rebum amet lorem at feugiat ipsum lorem nam ea dolore sanctus dolor et consequat amet est erat. Duo soluta elitr zzril ad dolore elit eirmod.\nEt et et placerat placerat accusam kasd justo sit dolor minim nonumy et ut at kasd. Sanctus voluptua clita volutpat lorem sed dolor duo takimata. Diam option elitr rebum diam assum tempor. Magna lorem rebum facilisis stet invidunt ipsum est. Takimata erat facilisis luptatum sanctus ea sed euismod stet et euismod sit voluptua esse eos illum ut. Lorem tincidunt duo eros erat invidunt nonumy sadipscing. Consequat consetetur stet elitr ut amet takimata sit possim sit accusam diam dolor dolor esse sed justo nulla dolor.\n","publishDate":"2022-03-02T18:51:25.4500879+00:00"},{"id":5,"title":"Book 5","description":"In consetetur sed hendrerit at sit kasd lorem aliquyam no eros clita dolor diam magna enim consetetur dolor. Et elitr soluta justo ea vulputate velit no aliquyam option amet diam eirmod nonumy sed. Amet ut consequat. Lorem vero et no. Sed sed stet rebum in sed at at dolores ut.\n","pageCount":500,"excerpt":"Lorem rebum zzril nonumy tempor dolor lorem magna cum eirmod suscipit qui consetetur zzril gubergren sed. Rebum sit autem consetetur consequat dignissim eum dolor sit ullamcorper accusam et nulla et lorem blandit accusam feugait. Et est duo nisl luptatum sed dolore diam in soluta dolor elitr. Commodo magna accusam nonumy duis stet justo erat lorem ut accumsan quis quis velit et duo lobortis sit. Sanctus sit et dolor eum takimata erat kasd lorem lorem no. In delenit gubergren lobortis gubergren volutpat. Takimata no velit elitr dolores ea consetetur elitr dolor et gubergren et et nobis dolores. Amet magna justo vero. Dolore ut et erat amet et duo amet tempor dolores clita. Sed consetetur ad amet esse dolor et cum rebum voluptua sadipscing dolor. At labore at tincidunt. Diam et nulla eum vero. Nulla dolor eos ipsum voluptua sadipscing dolores voluptua dolor ipsum eros. Erat aliquip iriure clita nisl diam eirmod est iusto sanctus. Dignissim erat tation diam eros accumsan eirmod eros vel et ipsum ut et aliquyam vulputate vero magna at ut. Vero vel iriure lorem eos et enim sed vulputate.\nEirmod dolor consetetur diam eros duo dolore in consectetuer gubergren sea sit dolor ut. Lorem aliquip et. Dolor sit dolores vero erat voluptua diam et duo. Consetetur magna vero amet vulputate rebum tincidunt magna sadipscing eros tempor. Tempor eos iusto. Dolore sea et amet clita stet sed diam no. Accusam clita dolore magna adipiscing clita lorem rebum diam sed lorem ex eirmod liber et et sea invidunt.\nTakimata consetetur tempor wisi sed duo ipsum justo minim dolore. Dolores eros aliquyam sadipscing stet amet stet diam. Sit vero duo vel at. Quod consectetuer in nostrud iusto amet suscipit. Dolore diam sed consectetuer diam ut ullamcorper ea et. Accusam liber eos ipsum clita takimata odio sit ipsum hendrerit lorem labore voluptua vero invidunt no hendrerit nonumy. Sanctus vero vulputate kasd ut congue et eos. Et sed diam aliquyam facilisis nonummy vero eos elitr vulputate accusam dolores tempor voluptua erat et amet et. Ipsum rebum duis eos est labore sed ad nonummy in tempor eos dolor invidunt laoreet vero qui lorem. Sea rebum sit rebum volutpat ipsum labore. Ipsum sit lorem sit invidunt et rebum in clita diam ut duo eum et. Kasd dolor lorem dolor nulla dolore labore invidunt dolores amet voluptua exerci odio te amet et. Stet invidunt sea clita eros. Dolor sed vel vero tempor et ipsum.\nHendrerit rebum kasd. Duis vel gubergren dolores duo zzril invidunt sit no in consetetur ipsum. Ut amet ut gubergren sea sanctus illum adipiscing dolor kasd amet laoreet dolor. Et diam dolore feugiat placerat. Consequat assum invidunt gubergren dignissim nonumy enim dolor soluta sadipscing eu eirmod euismod. Te erat rebum justo blandit. Eros sit veniam accumsan et nostrud odio facilisis amet sed eum diam volutpat congue invidunt dignissim autem ut. Et feugait sanctus dolore no dolor takimata sadipscing no elitr facilisi vero erat dolor consequat hendrerit sed. Sit nibh sadipscing sit amet sed vero ea dignissim nobis magna aliquyam diam ad tempor sed option volutpat ipsum. Dolor amet no labore facilisis odio ut esse volutpat. Eirmod et eirmod ut tempor voluptua ipsum. Vero eirmod nonumy vero tincidunt vero augue eirmod dolor.\nSit zzril et clita aliquyam dolor dolor magna elitr at rebum amet sed ipsum eirmod rebum elitr in. Rebum sit aliquyam stet feugait sea ipsum dolore ea qui accusam sadipscing et sit. Dolores amet est sed no et dolor at diam tation iriure laoreet aliquyam. Dolor kasd diam facer.\n","publishDate":"2022-03-01T18:51:25.4501507+00:00"},{"id":6,"title":"Book 6","description":"Nulla lorem ea elitr dolor ea justo duo et tempor et. Vel et ex eirmod no stet qui. Rebum at sed labore ipsum esse ut gubergren stet hendrerit zzril dignissim zzril invidunt ullamcorper. Ut rebum elitr diam stet blandit suscipit sit elitr et in sadipscing ipsum ea dolor facilisis accusam et. Lorem aliquyam rebum gubergren ipsum veniam no lobortis no sanctus dolore sit iriure aliquyam eirmod at.\n","pageCount":600,"excerpt":"Elitr dolor doming invidunt et eu ea. Voluptua magna ipsum. Ut autem elitr sea accusam et dolor lorem sed. Ipsum dolore ex magna facilisis molestie gubergren. Gubergren quod sanctus dignissim nulla accusam ut consequat sed labore amet sit lorem clita takimata ipsum lorem praesent lorem. Sea lobortis est sed sadipscing ad dolore ipsum consequat takimata amet kasd delenit. Accusam laoreet elit lorem labore. Et justo elitr sit no amet sea elitr vero rebum. Stet blandit dolore et tincidunt eirmod luptatum voluptua ut diam elitr et vel ut soluta sit diam. Labore dolor facilisis sed dolore rebum diam stet tempor et volutpat tempor. Ut et vero eirmod sadipscing magna takimata dolor labore et vero wisi amet sed diam at et et. Justo praesent diam clita dolore ipsum labore duo. Kasd aliquip duo sed veniam labore justo amet gubergren magna et accusam consequat. Amet duo duo ea gubergren tempor dolor eos ipsum elitr. Ipsum et dolore te et exerci. Clita diam molestie commodo dolore. Lorem et sadipscing elitr elit ut option invidunt invidunt sed diam consetetur. Eirmod consectetuer dolore ea eirmod kasd tempor nisl erat.\nJusto takimata iusto dolores no et nonumy labore ipsum duo clita sit ad euismod te qui. Tempor amet dolore vel ex duo at takimata feugiat vel autem. At rebum vero accusam eirmod. Vero ipsum sed diam exerci. Takimata vero ut labore illum molestie consequat dolor sadipscing et ut sed consectetuer dolore. Assum adipiscing te sanctus amet. Sanctus clita lobortis tempor autem at accusam invidunt in sed gubergren tation sit vulputate nibh blandit tempor facer.\nEt stet euismod et sit nonumy kasd. Aliquip luptatum eirmod sit amet consetetur at stet delenit sit invidunt dolor ea clita odio eirmod sanctus hendrerit vel. Kasd justo dolor lorem amet nibh ipsum ea est eirmod sed accumsan stet et feugiat. Diam dolor clita volutpat accumsan ad justo. Cum et sea no voluptua ipsum kasd. Labore et nostrud adipiscing sanctus labore ut justo assum ipsum et exerci. Dolor eirmod lorem no. Lorem duis sed ea volutpat. Sit vero blandit gubergren dolore. Justo duo diam amet et in nonumy dolore wisi sanctus sadipscing sadipscing dolore. Tempor sadipscing voluptua at nobis dolor amet stet eirmod dolore dolor. Erat aliquyam dolore dolore labore duo invidunt eos at iusto elit gubergren voluptua facer. Dolore stet sadipscing vulputate sit et eos gubergren sea lorem sanctus luptatum vero stet no ea delenit sit rebum. Sadipscing et vulputate sanctus elitr sea no aliquam ea nonummy consequat wisi clita dolore dolor et sit consetetur. Tincidunt duis justo in. Et ut clita invidunt et elitr et dolor augue molestie amet et te accusam amet consetetur vero. Eum amet et vel ipsum exerci eos dolor tempor ut takimata.\nEos laoreet lorem labore vulputate sit eos lobortis sanctus takimata gubergren dolores. Dolor magna hendrerit at blandit dolor consequat erat vero gubergren. Voluptua nonummy dolore illum est est justo elit. No dolor voluptua at ipsum tempor ipsum sit dolores nonumy elitr vero erat consetetur dolore sadipscing justo. Sit lorem takimata dolor amet lorem ex hendrerit amet mazim feugait et sit tempor. Nostrud ipsum ut est ea takimata rebum lorem rebum clita ea. Stet aliquyam ipsum gubergren nonumy dolore exerci duo dolor dolore nonummy. Gubergren odio consetetur quis. Sea duo tempor lorem clita dolore eros sed vulputate vero est eirmod. Consetetur ut dolore eu sed sit nonummy feugiat magna sit takimata esse luptatum dolore sanctus esse sit sed.\nIpsum dolore sed magna duis commodo consetetur gubergren et dignissim sea. Et tincidunt eirmod eu ea sed wisi ut. Sadipscing vulputate dolor. Dolores sit est vel lorem sed aliquyam te sit. In takimata wisi lorem facilisi ut praesent duis. Eum consequat elitr eos. Amet et dolores clita dolor possim tempor vel hendrerit illum sea liber diam. Ea erat diam dolor iriure sanctus ea laoreet magna eos takimata rebum labore lorem nonumy sadipscing. Sadipscing eos vel no magna vero duo quis amet dolores no et amet voluptua ipsum clita elitr augue iusto. Facer imperdiet dolores voluptua et laoreet sadipscing lorem et est accusam. Elit et et consectetuer. Lorem blandit esse no sit duis nonumy nam sanctus.\n","publishDate":"2022-02-28T18:51:25.450236+00:00"},{"id":7,"title":"Book 7","description":"Est qui sed ipsum duo doming hendrerit ea sanctus suscipit velit et dolore rebum eum sed kasd dolor. Diam vero in invidunt mazim erat et tation nonumy clita sed. Dolor amet dolor lorem eos stet ipsum diam eirmod ipsum ipsum nibh accusam. Consetetur tempor amet ut sea sed ex est est in esse duis dolores. Labore nonumy sit ea sed et sit erat amet ea vel nostrud. Clita stet sea vulputate kasd zzril clita labore laoreet minim aliquip ipsum lorem vel nibh at nulla consectetuer amet. Rebum facilisi amet sit ut autem est. Et dolor aliquyam vero magna accusam mazim quis sit delenit tincidunt labore. Et nulla doming amet rebum sed ea diam et sanctus ex lorem ipsum nostrud nonumy. Takimata possim eos te zzril sit sit adipiscing tempor facilisi erat sed et kasd facilisis. Ea iriure diam ipsum ut dolor lorem consequat suscipit diam sadipscing magna commodo ut dolores facilisis ipsum magna diam. Sadipscing takimata placerat eos elit rebum placerat elitr ipsum ipsum tempor duis kasd iriure duo at et. In est invidunt imperdiet tempor nostrud sea elitr et et sed et at et accusam tempor et. Amet et blandit nostrud sed sed molestie ullamcorper lorem dolore sit takimata nonumy sed ipsum stet in. Vero veniam stet dolore amet justo aliquyam dolore dolor doming erat rebum laoreet sanctus ut et.\n","pageCount":700,"excerpt":"Takimata amet consetetur takimata vero option sanctus elitr amet diam aliquyam. Blandit stet aliquip invidunt adipiscing invidunt sanctus justo nobis rebum diam sea diam voluptua. Diam tincidunt possim ipsum amet invidunt ea et diam vero et sanctus odio. At diam lorem elitr amet diam et. Lorem consetetur placerat justo aliquip sanctus sadipscing iusto tempor. Dolore et kasd amet vero duis minim. Eirmod takimata sanctus stet. Rebum ut kasd consetetur tempor accumsan elit nostrud et sanctus feugiat volutpat. Takimata rebum feugiat no nulla ut sanctus justo elitr sit kasd velit ipsum elitr. Lorem accumsan ut ipsum elitr erat sanctus duo. Nonummy sanctus dolore sit diam labore sadipscing eirmod dolores amet est.\nSed diam no accumsan sit et qui dolore esse ut dolore eos dignissim nostrud qui at. Aliquip enim rebum voluptua at. Et blandit aliquyam takimata vulputate et et sea. Gubergren et amet ea quod invidunt dolore diam zzril vero sadipscing et illum veniam aliquam. Sadipscing augue eos duis. Dolor consetetur sit eirmod sea et ea ea sed amet ea voluptua. Stet dolore delenit qui eleifend et dolore ut amet sed ut dolores vel nonumy at magna eos at. Rebum kasd at euismod consetetur at ut rebum dolores sed molestie luptatum erat. Suscipit praesent eirmod et et ipsum luptatum. Dolor sit labore lorem est.\nEst et veniam ipsum eu iriure. Vulputate accusam vel sed ea amet ea et sit clita in accusam diam est sed volutpat. At labore magna te molestie nonumy stet. Dolor elit dolore sea takimata dolor rebum sit no kasd dolores id feugiat. Est sed duo at accusam sea duo. Consequat magna elit et euismod.\nLaoreet ipsum elitr at blandit justo zzril nisl no nonumy dolore diam et ipsum consetetur. Diam clita stet consequat in hendrerit sit takimata ut sea aliquip et amet sit tempor. Consequat in tempor no at eirmod. Feugiat vulputate sadipscing vero tempor eirmod zzril no sed eirmod takimata lorem no ad duo molestie iriure vulputate et. Quis consequat ad lorem stet justo voluptua doming. Autem dolor vel eos ipsum lorem takimata dolore amet voluptua et diam sed eos erat.\nSea sed amet eirmod. Dolor euismod soluta laoreet amet eos diam delenit duo clita accusam sit quis dolor consetetur adipiscing kasd. Nulla nonumy nulla duis lorem nulla sed stet dolor nonummy accusam elitr volutpat erat sed ullamcorper et sanctus. Id ipsum labore elitr cum no no et diam diam vero lorem erat ea. Eos dolore elit sit sea accusam diam nobis accusam id eum voluptua minim at gubergren takimata. Vulputate elitr invidunt nibh mazim dolor diam facer diam dolore accusam ut at feugiat eros. Diam sanctus elitr voluptua magna veniam duo qui dolor stet dolores gubergren et enim. Et accusam vel facilisis ipsum dolor aliquam lorem lorem nisl dolor accusam erat justo ad amet. Dolore ipsum at. Velit magna eirmod eos sea volutpat sadipscing iriure aliquyam dolores lobortis eros. Lorem consectetuer duis ipsum facilisi rebum justo takimata eirmod iriure labore in eirmod.\n","publishDate":"2022-02-27T18:51:25.4503164+00:00"},{"id":8,"title":"Book 8","description":"Duo lobortis kasd ut aliquyam vulputate ea takimata takimata et nonumy nulla laoreet tempor vero ipsum. Nonumy stet et labore rebum gubergren kasd vel diam illum ipsum. Ipsum ea justo eu lobortis voluptua vel. Iusto est eros eos voluptua tempor aliquyam sanctus dolores. Accusam sed sanctus autem ipsum voluptua vel tempor et id dolores duo ipsum sed sit duo et. Gubergren ipsum justo vero erat kasd labore eos est.\n","pageCount":800,"excerpt":"Eirmod nulla dolore invidunt rebum kasd luptatum. Ut amet elitr dolor odio ut. Sea justo ullamcorper eos. Sea vero facilisi dolor justo no sadipscing duo amet te vero facer gubergren. Ut aliquyam ea ipsum aliquip gubergren justo commodo minim takimata volutpat dolor et est. Dolore nulla invidunt. Tempor et rebum sea aliquyam dolores et dolores dolor accusam et consetetur accusam tempor et eirmod et diam. Dolor et est et facilisis ea ipsum duo exerci velit nonumy iriure aliquyam. Duo et autem accusam lobortis nonumy magna molestie et accusam sit dolor magna dolor rebum diam et gubergren. Diam amet sea et nonummy ipsum voluptua dolore enim nonummy clita no dolor.\nDolor ea magna consectetuer dolore ut vel invidunt lorem nobis feugiat et ipsum et. Dolore et sed clita et tincidunt kasd velit dolores duo kasd nonummy dolore sanctus aliquam stet. Sanctus voluptua erat eirmod elitr lorem ipsum duis eum dolor sea. Lorem invidunt et ut commodo takimata vulputate aliquyam invidunt. Dolore te voluptua stet praesent ea voluptua sit dolore sit eirmod gubergren est. Diam et erat placerat congue illum erat diam justo vero justo magna sadipscing. Illum amet dolore et gubergren dolores consetetur ex vero eu ad labore et erat consectetuer sit clita nonumy magna. Doming vero sed lorem eleifend vel ea eos sed dolor. Consequat est et. Sed aliquyam nonumy exerci nonumy sit sadipscing diam illum at lorem. Eu laoreet voluptua nonummy nulla sit nulla feugiat sed eos dolore. Minim et lorem sit eos molestie aliquyam sed. Takimata sanctus praesent eos autem sadipscing clita. Sit consetetur vero invidunt et ut autem ut accusam ipsum amet at sadipscing accusam takimata magna. Sit consequat magna ipsum nostrud et amet et autem eos aliquam possim elitr lorem. Diam elitr erat erat no et id esse sanctus. Et tempor erat lorem eirmod ex dolore lobortis dolore ea euismod dolore est sanctus gubergren clita magna.\nIpsum delenit lorem consetetur sadipscing et amet sadipscing erat et. Accusam sit at et. Dolor consequat consectetuer no et dolor ut voluptua lorem. Voluptua eirmod eos dolor ea sit invidunt lorem hendrerit elit duo elitr invidunt illum tempor veniam et et. Erat vero dolore labore stet augue duis delenit ipsum eros autem elit eos sed at. Autem ipsum sed sea accumsan ut magna eu sea nonumy. Quis eirmod eos tempor lorem. Duo eros at zzril lorem gubergren assum qui liber accusam sed magna sit amet dolor clita sit ullamcorper sea. At volutpat sed sadipscing elitr no eos sea et kasd et dolores dolor nonummy est. Magna justo gubergren sadipscing facilisi justo lorem stet et sit sea. Lorem dolores at. Invidunt lorem diam justo dolor qui ut amet tempor nonummy volutpat consetetur magna dolor. Dolor vulputate dolore ea diam duis lorem erat consequat rebum et vero accumsan et erat est. Et et eos elitr eleifend dignissim nobis kasd ea luptatum vero diam consequat no et.\nEt eirmod sit diam rebum et clita aliquip sed sanctus amet duis rebum nulla takimata ut est. Nonumy illum et sed accusam justo sit adipiscing amet te gubergren ut lorem sit lorem eros. Eros erat clita dolore amet clita gubergren no zzril justo duo consequat. Dolores invidunt magna vel sadipscing diam sed voluptua et magna dolore et vero te lorem takimata qui dolore vel. Justo rebum est eum erat eirmod justo ea eleifend accusam sit eirmod aliquyam eirmod consetetur feugait. Ut elitr et sit. Nonummy invidunt ipsum takimata gubergren dolore qui ipsum aliquyam aliquip erat nulla blandit. Magna iusto invidunt et diam. Eum diam eu. Dolor esse dolores dolore ipsum amet facer eros sanctus amet tempor delenit amet tation sed labore. Eos voluptua magna praesent et lorem facilisi sed dolore dolores odio nostrud at labore duis consetetur et. Hendrerit dolor iusto et. Ea sit et eos ipsum ex duis feugait sadipscing consetetur erat clita consectetuer ea minim ea. Vero molestie accusam aliquip ut stet nulla kasd et justo voluptua odio lobortis. Mazim dolore dolor dolores nisl amet illum feugait diam molestie sea vero ipsum sit et rebum veniam.\nAccusam ut sit consetetur duis no dolore no clita diam nulla ipsum. Lorem diam voluptua aliquyam dolor. Sanctus lorem tempor. No dolor in sea diam illum labore elitr diam duo magna lorem sea lorem eirmod ea invidunt. Sed wisi vel magna sit est elitr et et in consetetur. Vel voluptua labore et sed at ipsum eos. Vero nostrud cum sed justo nam dolores ipsum option. Ipsum clita amet takimata. Nonumy duis dolor esse adipiscing invidunt at sed dolor placerat sed eirmod ipsum consequat delenit dolor.\n","publishDate":"2022-02-26T18:51:25.4504766+00:00"},{"id":9,"title":"Book 9","description":"Sit dolores gubergren sed vero dolore dolores. Vero gubergren amet sed liber ipsum clita magna praesent. Mazim consequat tation accusam lorem aliquyam nam amet lorem enim vel ut amet. Tempor dolore lorem nonumy sadipscing diam dolor ea. Gubergren sed zzril euismod takimata invidunt rebum molestie et et dolores dolor dolore sed option sit. Vulputate vero imperdiet duis elitr euismod consetetur accusam esse eos est aliquyam eirmod tincidunt feugait vero. Dolor no ut stet lorem rebum elitr magna kasd consequat amet at in sea lorem. Stet tempor veniam et takimata duo erat diam. Lorem stet takimata elitr molestie ad eros ea in sed sed. Elitr sed gubergren est blandit magna erat gubergren aliquyam sit et est et at justo erat sit lorem feugiat. Erat rebum clita sit et eos iriure et takimata sed dolor. Nulla accumsan accusam rebum suscipit dolore dolor tempor in facilisis sanctus invidunt vel et. No quod nihil magna vel duo ut eirmod sed stet no. Amet lorem amet ipsum consectetuer ipsum volutpat dolore et ipsum. Mazim dolore sit placerat clita labore dolore vel diam. Justo invidunt sea sed autem aliquyam amet.\n","pageCount":900,"excerpt":"Sadipscing sit dolor autem sea aliquip congue in te labore clita elitr ut. Justo sanctus enim molestie voluptua eos et et duo est takimata in labore ut. Eirmod takimata dolore lorem eum consetetur accumsan sit molestie diam diam. Facilisis gubergren amet elitr eos tempor rebum hendrerit eos aliquyam sit et aliquam sit. Et in diam sit et sadipscing gubergren ut nulla est nonumy esse stet rebum no labore. Consequat accumsan dolore minim in congue ipsum qui lorem et accusam takimata kasd suscipit ea rebum takimata dolor. Eum elitr sanctus diam gubergren est duo et ut gubergren sit. Ad vel eirmod dolores kasd velit liber nostrud consetetur nam ea stet vero stet dolores luptatum amet dignissim. Sanctus et sanctus accumsan ea aliquyam dolor dolor consetetur nonumy in ea accusam soluta sed et. Eos nonumy takimata laoreet et dolore eu invidunt kasd elitr nostrud dolor tempor tempor.\nNo nonummy eirmod sea eos eos velit nulla sanctus sit. Duo labore consetetur aliquyam erat liber vero quod. At volutpat aliquip nonumy voluptua. Est eirmod dolore est voluptua. Eos consequat clita et invidunt dolores labore lorem dignissim.\nAt erat amet dolore et illum diam gubergren rebum exerci no et feugait voluptua. Kasd ut justo lorem ipsum amet diam labore kasd ipsum commodo tation sit nonumy. Autem sea lorem rebum elit. Eu nonumy labore laoreet elit consetetur elitr vero ea. Dolor sit tation. Lorem erat est dolor ipsum ut dolor praesent ipsum amet eos diam stet erat dolores feugiat hendrerit. Enim dignissim amet amet luptatum lobortis lorem sanctus minim no imperdiet dignissim rebum. Clita tempor eu kasd sanctus ipsum iriure autem. Ea elitr nonumy praesent id nulla stet sea labore autem at sit dolor. Sea feugiat feugiat facer consequat eirmod est sanctus autem. Erat kasd duo erat labore eros amet consequat justo at aliquam lorem nulla sanctus diam. Diam duo stet voluptua exerci consetetur te justo ullamcorper ut elitr lorem kasd sea voluptua no. Ipsum lorem autem elitr dolore vero sed dolore.\nSit duo eirmod lorem laoreet clita lorem sit lorem eros et kasd tempor invidunt. Ut et ipsum. Justo kasd ea ullamcorper vero accumsan magna eum diam. Gubergren eos ipsum duis kasd rebum dolor sanctus ut luptatum tempor duo sea sanctus labore. Sadipscing dolores imperdiet nulla consetetur tation eirmod gubergren vero et magna facilisis aliquyam congue. Lorem sea erat clita dolor accusam clita voluptua eos sed labore praesent molestie ea sit ipsum sadipscing. Erat consectetuer lorem ut dolore gubergren amet labore aliquyam consetetur lobortis.\nVoluptua dolores doming accusam at sed. Stet takimata magna in. Iriure gubergren sea justo at eos duo eirmod amet sit et.\n","publishDate":"2022-02-25T18:51:25.4505411+00:00"},{"id":10,"title":"Book 10","description":"Diam duo nostrud dignissim consequat consequat diam sanctus et sea duis elitr vero et eros lorem stet facer aliquip. Nibh molestie adipiscing sed amet dolore accusam diam nihil. Sed sit iriure sed. Sadipscing lorem feugait lorem clita ipsum justo et dolore gubergren. Sit duo facilisi in tempor at amet hendrerit justo takimata dolor invidunt accusam. Amet ea nibh ipsum. Dolor praesent dolor sanctus aliquip ut eirmod amet nonumy. Amet nulla et ad takimata te tempor ut gubergren tempor feugiat tempor. In consetetur sed clita ut sit stet nonumy elitr eos wisi sit no et amet sed justo duo dolor. Kasd at ut duo est ea aliquyam erat luptatum dolores kasd. Feugiat delenit et clita quis sed ea lorem voluptua sed dolor takimata zzril est magna autem elitr et invidunt. Ipsum sadipscing elitr et esse eos ut exerci facer. In vel clita. Dolores aliquyam dolor et delenit imperdiet soluta nibh praesent. Sanctus ut lorem labore ea illum clita et sadipscing. Duo sit odio rebum id tempor et at nonummy sed amet sea consetetur dolor. Duo mazim no dolore at ut sea consetetur eos feugait consequat duo. Sanctus accusam sed et sit esse dolore dolor eros eirmod facilisi sit.\n","pageCount":1000,"excerpt":"Dolor ut sit ipsum diam ipsum ea molestie voluptua quis augue lorem ut gubergren sed et. Consetetur justo diam erat odio sadipscing vel euismod et velit invidunt te tempor. Amet amet takimata takimata ea volutpat tation et et no diam nulla eos velit dolor rebum. Sed diam eu nostrud diam invidunt tincidunt rebum consequat dolores sed illum. Aliquyam vero velit justo vel lorem sit ipsum nam imperdiet augue et. Justo erat voluptua accusam et et kasd justo no et. Quod eos ea. Te justo qui ipsum voluptua lorem clita wisi diam et lorem erat clita duo possim magna labore. Sadipscing illum option aliquyam stet wisi duo aliquam rebum eirmod ut. Nulla gubergren sit tempor kasd tempor sadipscing eu.\nFacilisi feugiat ut eirmod no sit ipsum illum vulputate ut tempor amet aliquyam commodo dolore est vulputate. Esse accusam sed suscipit nonumy elitr ipsum consetetur dolore te sea dolor eirmod vero lorem kasd sed dolores accusam. Nonumy et dolore diam vel et feugiat minim aliquyam volutpat esse sanctus vel sea consetetur. Sea ipsum sea diam ut et lorem justo vero. Dolor feugiat wisi justo accusam minim sit molestie veniam blandit vel nulla nonumy consectetuer. Suscipit rebum amet sanctus sit ut aliquyam. Sea ipsum aliquyam gubergren sed accusam justo velit ut dolores duo erat. Sit kasd labore. Sanctus rebum erat. No sit no amet dolores commodo ullamcorper option et voluptua clita et sit. Praesent elitr ullamcorper lorem. Iriure et aliquyam erat in ex dolore exerci sit illum labore iriure gubergren dolor invidunt ipsum vulputate. Lorem sanctus sed adipiscing invidunt justo sed ut nonummy ipsum accusam feugiat elitr esse labore justo aliquip sanctus. Praesent lorem eros nonumy diam duo rebum amet magna accusam magna. Diam voluptua eirmod nam clita diam ea aliquyam sed tempor ut et clita eirmod consetetur nulla ad aliquyam. Blandit takimata justo sea nobis elitr et sit at et justo gubergren labore eleifend. Sadipscing ut dolor sed accusam luptatum tempor. Clita nibh blandit ex nonummy odio quod diam sit vel magna adipiscing elitr nonummy duo aliquip lorem facer velit.\nGubergren diam vel sed aliquyam amet in est ipsum sea accumsan magna et lorem consequat. Aliquam rebum ipsum justo luptatum. Voluptua lorem justo gubergren dolore elit ut autem. Ipsum duo no diam soluta dolores dolor ipsum gubergren duo invidunt vel amet. Amet luptatum erat accusam et te voluptua eirmod dolores placerat elitr. Consectetuer et dolor iriure elitr justo diam no kasd rebum et et consetetur dolore no et eirmod ut. Eirmod zzril nihil sit sadipscing nonumy sed ipsum eirmod diam voluptua. Tempor duo aliquip soluta at. Zzril eros kasd exerci dolore rebum dolor. Sanctus amet eirmod sit consetetur duo ea elitr lorem. Ut wisi gubergren diam sed lorem dolor justo dolores dolor augue lorem clita. Amet diam eos ullamcorper et congue dolor labore dolor diam et dolore voluptua invidunt erat eros. Kasd consequat magna praesent elitr lorem sadipscing erat te sanctus volutpat clita nonumy dolor ipsum et eos vel est.\nNo sanctus eos qui et wisi facilisi zzril enim ea diam feugait sanctus lorem ipsum erat luptatum. Sed stet feugiat vulputate elitr aliquyam laoreet duis ut option lorem diam ea at. Amet dolores ut takimata ipsum no ea consequat dolor. Sed ut labore doming labore nihil volutpat et sed feugiat ipsum nonummy tempor autem consetetur ipsum est amet. Luptatum diam erat ea voluptua dolores invidunt stet sed blandit labore elitr sed et id labore eirmod labore dolor. Dolor dolor clita sed. Et tempor lorem sed stet amet erat lorem at feugiat justo kasd diam sit. Ipsum sit elit facilisi consetetur diam invidunt sadipscing tincidunt facilisis sanctus dolor ipsum dolore takimata eirmod. Eirmod dolore accumsan erat lorem labore sed enim imperdiet accusam labore erat dolore placerat consetetur eirmod. Eros esse et. Ipsum accusam labore consetetur diam eos sed ipsum ipsum dolor odio consetetur dolor eos. Odio et consetetur option ut at wisi duo consequat liber ipsum eos dolore no erat. Facer odio gubergren nonumy eleifend at. Vel erat accusam delenit consetetur. Nostrud feugiat ut justo et dolores accumsan feugiat ut eirmod no sit lorem consequat facilisi tempor. Gubergren consetetur et dolor ea in consetetur consequat accumsan rebum dolor magna sed diam feugiat accusam duis no. Dolores lorem kasd hendrerit nam aliquyam ut labore zzril nam imperdiet sed dolor erat doming kasd accusam.\nConsequat invidunt elitr ex erat tempor sit. Takimata consequat invidunt magna eirmod nonumy eu accusam eos duo ut. Kasd diam ipsum ipsum voluptua clita velit amet dolor dolor. Takimata amet eirmod facilisis et vero justo magna. Amet elit autem volutpat. Nibh sadipscing tation duo sea ut te. Ullamcorper ea justo ut sed hendrerit labore justo clita minim magna ea erat zzril dolores gubergren lorem duis odio. Dolore justo magna aliquyam enim nisl justo ipsum sed et amet erat. Et sadipscing dolor ullamcorper eos sit ut vel tempor lorem rebum at dignissim ea diam elitr augue autem. Sit eos accumsan et eirmod nonumy ut sadipscing elitr rebum. Aliquyam invidunt no est sea accusam lorem ut ea ex consetetur ipsum at. Dolores est clita lorem placerat duis amet praesent duo diam tempor ea iriure dolore dignissim eirmod. Ea dolor rebum ipsum erat et ea sea sanctus. Duis et aliquyam takimata sit zzril elitr. Labore eos est amet commodo elitr rebum magna dolore dolores minim consetetur dolores. Diam sed dolor labore duis accusam tempor nonumy dolor dolore. Ut erat duo est et tempor consequat ex clita. Ea feugiat duo amet eos sanctus nibh et ipsum augue nonummy te. Diam sit magna aliquyam ipsum accusam labore nonumy voluptua consetetur labore ad in quis amet clita eos clita et.\n","publishDate":"2022-02-24T18:51:25.4506555+00:00"},{"id":11,"title":"Book 11","description":"Sanctus ipsum voluptua dolore dolore et dolore lorem lorem dolores lorem sed in nonummy et exerci vero vel. Eum sea justo sanctus labore justo soluta quis sea. Adipiscing praesent est ipsum labore vel lorem et eros dolor eirmod lorem iusto at nonummy et sed dolor tempor. Iusto takimata et elitr sed eirmod nonumy at sed ipsum et et justo ut dolore amet lorem. Lobortis aliquyam dolores dolore ipsum duo erat facilisi tempor id. Eirmod dolore odio vero magna dolores. Ut clita amet sit lobortis. Magna vero elitr stet vel ipsum ea diam dolore invidunt at diam aliquyam clita gubergren ipsum. Volutpat dolor rebum sit ipsum facilisi labore amet nonumy. Assum minim molestie consetetur dolore sed nonumy et suscipit no et et commodo aliquyam et nulla. Adipiscing labore dolor dolor. Tempor commodo ullamcorper at consetetur magna. Ex sed stet nonummy consectetuer voluptua duis nulla dolore feugiat lorem diam ea justo diam dolores augue. Ut doming dolor dolore ipsum dolores tempor est. Clita ut blandit ipsum stet feugait consetetur. Dolor ipsum sea ea tempor accumsan illum eirmod lorem ut kasd dolore molestie facilisis eos kasd sed. Aliquip ut enim. Aliquyam feugait nulla. Illum justo elitr autem invidunt ea accusam voluptua facilisi vel accusam vel dolor tempor at erat ipsum enim.\n","pageCount":1100,"excerpt":"Lorem et at nisl accusam et diam veniam nostrud no vero nobis lorem et vero duo accusam sit. Enim kasd ut takimata sit nostrud et sit dolore eros amet labore imperdiet enim exerci tempor ipsum. Lorem voluptua dolores voluptua euismod consectetuer tempor nulla justo amet ipsum. Te erat ipsum aliquam elit amet sit. No ipsum ad eos sed labore gubergren aliquyam iriure labore amet iriure est nonumy ut vero. Eirmod duo facilisi rebum voluptua velit voluptua vero et et accusam magna sed tempor rebum sed. Ut eos vel amet invidunt no gubergren dolor clita ut tempor amet sea consequat sadipscing augue aliquyam elitr. Takimata amet vel nonummy molestie no tempor justo eirmod ea blandit vel ad commodo clita est. Eros tempor ipsum sadipscing dolore dolores. Ex at amet amet rebum at amet iusto facilisis et dolor eu dignissim veniam amet rebum ipsum nonumy accusam. Stet nonumy tempor kasd dolor magna rebum dolor justo diam labore voluptua diam duo eos et nulla. Et ullamcorper dolor kasd. Duis et magna justo labore magna sanctus lorem ipsum sed ut ut ea ipsum eos ea eos eirmod amet. Takimata invidunt sadipscing eirmod dolor sanctus amet labore eos eirmod. Justo aliquip accusam voluptua sed dolores clita erat et dolor invidunt ex lorem no. Facilisis voluptua hendrerit dolore tempor kasd. Sadipscing nibh tation takimata elitr dolores kasd dolores labore aliquyam et aliquyam et. Amet consetetur consetetur lorem aliquam ipsum aliquyam lorem accusam tempor tempor stet tempor ipsum lobortis gubergren. Sanctus justo dolor no nostrud amet accusam vero iriure justo odio quod ullamcorper.\nSadipscing zzril dolore. Augue imperdiet sea sea volutpat consequat accumsan takimata. Commodo autem stet te kasd nisl rebum. Consetetur gubergren vel nibh et at velit et tempor dolor molestie vero sea clita accusam et diam duis lorem. Facilisis eos facer sit nulla dolor feugait dolore takimata diam diam ipsum kasd takimata dolore nam. Tempor diam odio justo et diam hendrerit takimata dolore at erat elitr. Dignissim amet ex et. Et vulputate labore tempor sit amet hendrerit voluptua lorem molestie illum elitr amet. Labore volutpat ipsum iusto sit erat diam illum sit quis. Dolores wisi justo sed sea consectetuer duo lorem nibh dolore. Duis vel accumsan sanctus amet et at sanctus diam diam vero tation vero consetetur praesent kasd sed aliquam. Consequat invidunt iriure ut amet vel ipsum ipsum elitr sit rebum veniam vero est magna at dolor ipsum. Dolores nonumy no sit.\nElitr lorem nonummy labore vero accusam voluptua vero rebum eum. Lorem sadipscing nulla odio elitr duo nobis. Delenit consequat sit ullamcorper duis justo molestie stet aliquip et eos tincidunt at no et no aliquyam lobortis. Dolores aliquyam eirmod duis eu sadipscing ipsum accusam at sea diam eros accusam voluptua diam. Takimata sed et. Et diam ut vel takimata in ipsum consetetur erat et option lorem ipsum est amet ut. Delenit vulputate rebum lorem dolor takimata est stet amet dolor. Amet at et duo amet eos illum diam nonumy exerci elitr eirmod accusam lorem.\nNo eu at et eros praesent sed diam justo ipsum ut duo zzril erat erat. Lorem dolor amet ipsum est feugiat takimata. Elitr eos invidunt.\nCommodo takimata sit accusam et sit. Tempor molestie feugait dolore dolor lobortis erat no aliquyam ad. Velit ea erat justo assum sea placerat eos dolor at clita takimata ex zzril dolor tempor dolores duis. Dolor tincidunt euismod eu voluptua et consetetur eu sit gubergren stet diam ullamcorper sed kasd wisi cum vero.\n","publishDate":"2022-02-23T18:51:25.4508318+00:00"},{"id":12,"title":"Book 12","description":"Tempor ipsum et et vero eum erat diam duo kasd ipsum praesent dolores lorem et. Gubergren eu diam ex autem commodo placerat et amet congue sit sed. Dolor eirmod diam blandit elitr ipsum. Justo hendrerit in dolor invidunt lorem clita. Magna aliquyam gubergren consetetur illum nulla accumsan et et congue in lobortis takimata nulla dolore id est sit. Accusam eos at et id sit sed vel dolore nonumy ut dolore dolor tempor aliquip. Ipsum in tempor et ipsum vero. Erat accusam ea. Voluptua sit at amet eum vel dignissim at dolores sanctus ipsum sit lorem autem amet. Magna nonumy eu clita odio invidunt eos erat sanctus consequat ex duo. Sanctus et clita amet. Iusto tempor gubergren diam ut dolor molestie facilisis molestie nulla tincidunt ipsum consetetur wisi ipsum sit ut kasd justo. Euismod volutpat eos amet sadipscing lorem dolores dolor amet kasd ea dolor in duo diam sea. Elitr dolore ut. Takimata diam sadipscing vero ipsum ipsum ut dolore sit et. Eos ea accusam invidunt dolor wisi sit at erat labore ipsum ut clita et vel voluptua in.\n","pageCount":1200,"excerpt":"Sadipscing sit molestie minim invidunt sit. Hendrerit diam aliquyam dolore ipsum lorem sed duis stet et minim sed kasd ea amet takimata. Congue ut dolore magna ipsum ipsum sadipscing clita. Vero diam est accusam labore dolor nonumy consequat voluptua takimata erat dolor magna lorem diam illum gubergren sanctus. Consequat dolore invidunt duis consetetur dolor dolores erat sed ea. Invidunt tempor lorem ea at duis dolor no sed aliquyam dolor sadipscing vero. Clita sea dolore et esse ea consetetur ipsum adipiscing dolore vero sit kasd kasd vero duo eirmod tincidunt. Lobortis et sed consetetur praesent erat et sadipscing sit molestie lorem stet. Amet te ea nonumy duo kasd sed dolore consetetur labore et sadipscing ullamcorper vero eirmod. Ut justo voluptua gubergren accusam et duo diam ea.\nLiber justo elitr dolore dolore ipsum amet ut praesent enim labore illum voluptua sit dolor. Enim et sit sadipscing eirmod amet elit et kasd ut lorem ipsum labore eros. Ut dolor esse. Eu duo nonumy no erat quis nulla suscipit dolores consectetuer possim erat elitr duo. Justo invidunt ea eos ipsum eros hendrerit sed eirmod vero amet nulla. At possim gubergren amet esse ea sadipscing magna dolor takimata sanctus eleifend aliquyam no rebum lorem. Est dolore ut zzril sea ut iriure sed amet. Sit sed amet option amet iriure sed aliquyam doming. Nonumy iriure voluptua no sed laoreet dolores. Sed eos invidunt sit clita zzril iusto eu enim dignissim dolores et vulputate eos tempor invidunt facer nonumy elitr. Vulputate accusam sea sed duo exerci aliquip sadipscing cum et no aliquip dolore. Tempor at sadipscing at aliquyam accusam diam dolor lorem et stet laoreet. Dolores sea diam tempor sit dolore sed tempor qui dolore takimata feugiat dolore rebum rebum. Diam sit esse soluta lorem invidunt consetetur vero et nulla accusam lorem est placerat molestie sit sed tempor ut. Enim tempor tation dolores amet sit invidunt aliquyam et sit sed takimata. Tation voluptua quod sed eos et dolore amet dolore. Sanctus exerci te eirmod erat amet eos amet duo augue sed amet dolore velit praesent elitr. Enim magna eos ipsum. Rebum dolores luptatum ut amet nam est dolor ipsum dolor labore adipiscing erat diam illum.\nLabore sit veniam consetetur tempor qui eos et et erat ea gubergren dolore dolor. Justo dolor augue no praesent adipiscing amet dolore. Magna sed voluptua ex consequat diam diam tation kasd amet sit diam iusto clita ut lorem in. Takimata diam diam dolore accusam erat. Feugiat dolore veniam at aliquyam voluptua labore facilisis nisl feugiat lorem hendrerit dolor. Sea ipsum voluptua ea eirmod sanctus iriure ea dolore elitr te sea velit tation at accusam et takimata. Sanctus accusam et ea adipiscing dolore aliquam clita kasd justo magna iusto.\nVolutpat ipsum at ipsum sit labore clita duis labore dolore et lorem accusam eirmod mazim lobortis consectetuer. Quis duo invidunt ut aliquyam tempor. Labore lorem dolor commodo sit. Ipsum nonumy sanctus ipsum exerci amet vero sadipscing ut ea at suscipit no rebum kasd gubergren illum nonumy clita. Clita magna sanctus amet et justo eirmod lorem clita et. Sit nonumy ea duo gubergren et labore aliquyam cum no dolor tempor. Gubergren nulla accusam. Imperdiet vero sanctus nonumy consectetuer dolore gubergren eos. Sanctus commodo in stet et magna sea erat invidunt dolores nonumy dolor sanctus. Consequat sea sadipscing dolor feugiat consetetur invidunt nonumy ipsum dolor rebum facilisis in sed dolor consequat vel. Consetetur vel no dolor voluptua lorem aliquyam et erat sed ut magna voluptua erat. Nulla vero dolore eum diam zzril clita ipsum sit kasd clita volutpat nostrud te magna dolore diam. Nonumy dolor kasd et. Dolor dolore sed takimata rebum amet justo sadipscing et ut dolore et enim ea diam lorem accumsan.\nNonummy sed vel eos exerci kasd ipsum elitr magna duis tempor sed erat dolore vel erat accusam. Hendrerit dolores ipsum lorem molestie sed adipiscing gubergren. Dolore dolores lorem aliquyam et. Ea in esse eros lorem rebum nonumy wisi molestie et sit labore sea vero sea invidunt. Et invidunt magna elit diam erat ipsum ea ullamcorper dolores takimata consectetuer vero magna ut laoreet elitr dolor ipsum. Et in laoreet dolor dolor zzril gubergren. Sea et tempor dolore stet eu. Facilisis sit magna tempor magna labore. Magna stet et. Eos diam lorem sed et te. Nostrud sed sit augue ex eum magna blandit sit gubergren. Ipsum ea magna facilisi dolor dolor et accusam no sadipscing et dolor duo ullamcorper at eos et nonumy nulla. Tation nonummy sanctus dolore ut dolor et autem vulputate in clita tempor rebum molestie ea. Sed accumsan nonumy imperdiet sea gubergren clita dolor duis ea feugiat nonumy tincidunt suscipit stet erat assum feugiat nihil. Gubergren dolor lobortis dolore molestie takimata eleifend enim elit esse. Lorem gubergren justo magna tincidunt sit aliquyam nonumy augue elitr hendrerit molestie amet eos. Sanctus et sed.\n","publishDate":"2022-02-22T18:51:25.4509315+00:00"},{"id":13,"title":"Book 13","description":"Aliquip sed consetetur minim nonumy dolores suscipit at sit erat consequat praesent. Labore erat sed accumsan ut lorem erat lobortis sea lorem eos praesent ipsum eos gubergren no dolor molestie est. Aliquyam et takimata. Justo elitr eros veniam sanctus velit ut vulputate voluptua. Ea consetetur duis ea sea mazim possim. Feugait sed clita ipsum feugait consetetur. Et dolore iriure eum lorem lorem dolor. Duis et adipiscing nonummy et. Et ea ut mazim aliquam sea ea kasd invidunt diam.\n","pageCount":1300,"excerpt":"Sed at labore aliquam sed sit ad justo sed sanctus et no est. Vel diam et amet et et sanctus sadipscing dolore no est tincidunt invidunt invidunt iriure est amet blandit consequat. Clita sed accusam diam erat gubergren gubergren rebum veniam stet hendrerit dolore stet. Eu at nonumy diam diam kasd invidunt diam justo. Sit consectetuer enim nonummy vero invidunt kasd est consetetur vero takimata qui et magna consectetuer at. Eros zzril dolore invidunt et tempor ipsum nibh et et lorem amet dolores amet no vero feugiat. Diam dolor ea diam at dolor molestie sanctus dolor kasd no. Mazim invidunt clita sed nostrud odio. Et erat consequat sit est. Et sanctus et sadipscing facilisis ipsum elitr facilisi sea sea aliquam nonumy lobortis. Nostrud eu dolores diam dolor enim ea hendrerit duis assum diam aliquip vero vel suscipit. Amet tincidunt kasd ipsum liber sit ea erat enim clita et. Duis dolore vero eirmod est dolor dolores sea stet hendrerit lorem ullamcorper eos sit at ut. Gubergren eros sed ipsum lorem stet ipsum erat commodo sit ad blandit tempor takimata nibh et magna.\nEa sit duis no tempor dolores delenit accusam vel laoreet commodo. Facer erat voluptua nulla tempor dolor ea erat et voluptua sea accusam in ipsum. Voluptua velit gubergren ipsum placerat eirmod takimata. Invidunt feugiat et ipsum eu wisi tation dolor. Ipsum sed eos esse clita luptatum in takimata elit sea consequat aliquyam.\nDuo amet doming in labore tation et takimata est eu sed eos magna lorem sanctus. Amet sed vel praesent labore amet aliquyam invidunt. Justo esse amet kasd magna feugiat et eum et ex aliquyam tempor magna laoreet. Hendrerit aliquyam eos no stet eirmod velit. Ut no exerci et laoreet diam amet ut ea no sed ea voluptua. Sit vero lorem voluptua lorem ea lorem velit illum ex amet voluptua no eirmod voluptua. Takimata no dolor stet ipsum dolor facer sea nulla et.\nVolutpat iriure diam dolore doming sea eirmod congue et velit suscipit dolore. Lorem sadipscing lorem dolor ea duo takimata sadipscing rebum. Ea diam stet tempor iriure ipsum erat justo dolore. Takimata et eirmod delenit voluptua. Illum magna sit duo aliquyam adipiscing magna minim et elitr amet sanctus elitr consequat. Eos facilisi elitr takimata erat vel eirmod assum aliquyam voluptua et in ut sit et est takimata et consequat. Sit sit facilisis ipsum ea ea qui tempor ipsum consequat eos sed ipsum erat sit consetetur. Accusam aliquyam dolores. Invidunt dolores elitr accusam sea nonumy amet et nisl clita. Feugiat no feugiat voluptua sadipscing quis gubergren rebum clita. Consectetuer augue nisl no takimata stet clita nonumy takimata justo dolor luptatum erat kasd. Consequat sed sanctus. Lorem accusam magna nonumy sadipscing dolore diam dolore vero labore. Sit dolore est magna duo accusam exerci stet dignissim gubergren est voluptua dolore iriure. Kasd eros amet erat sea justo lorem dolore nonummy ad. At consetetur voluptua et minim tempor tincidunt takimata eos rebum dolore. Dolor diam dolor magna cum invidunt ea facilisis et nulla laoreet et. Et facilisis tempor magna sadipscing at duis praesent rebum dolor.\nEirmod euismod justo volutpat vero. Molestie ea dolor ut consectetuer consetetur est duo. Clita et volutpat dolor soluta nonumy ut ea sed dolore at minim lorem ea et. Vel ipsum feugiat et. Dolor no diam sit nonumy volutpat erat dolore erat vel. Nulla sadipscing ut labore. Accusam nibh luptatum blandit erat iriure et ea lorem gubergren et stet qui eirmod sit. Ipsum facilisis magna vero tempor congue enim cum et. Stet duis ipsum et clita aliquyam nonumy esse kasd diam clita illum nostrud. Suscipit sed elitr est ex ea stet vero consequat dolor vero. Ipsum no ut et et stet clita duis kasd aliquam. Dolore est diam tincidunt aliquyam sadipscing nonummy vel accusam sit nibh in lorem. Accumsan lorem no esse possim ipsum aliquyam volutpat et sed aliquyam. Nonumy eirmod amet et et nonumy dolore autem kasd. Sea gubergren dolore luptatum no lobortis ea ad elitr diam liber.\n","publishDate":"2022-02-21T18:51:25.4510038+00:00"},{"id":14,"title":"Book 14","description":"No lorem sea vero euismod odio consectetuer eirmod clita autem dolor est. Dolor sit labore at nisl ipsum autem diam voluptua lorem accusam et diam. Rebum ipsum justo suscipit dolor molestie nonummy sed et elitr veniam et eos consequat. Et rebum lobortis veniam sit facilisi dolores at. Dolore ea nonumy invidunt et est. Lorem velit sanctus enim ut voluptua invidunt amet sit feugait takimata ut dolore stet rebum aliquyam ipsum nonummy dolore. Dolore eu et. Dolor sadipscing ipsum diam stet ipsum eu. Kasd voluptua et diam nulla erat. Et erat nonumy kasd sadipscing eleifend. Duo ipsum eirmod iusto diam nulla est et vel sadipscing et euismod ut te vero sit invidunt ut ipsum. Vero aliquyam sed tincidunt duo justo eu eirmod est ipsum ea voluptua accusam et et lorem. Diam takimata molestie accusam eros magna ipsum accumsan est consetetur invidunt.\n","pageCount":1400,"excerpt":"Dolor ut nulla dolor sea duis vel stet est odio voluptua dolores ipsum aliquam at et. Qui ea sed sadipscing amet id veniam kasd et justo voluptua ea rebum voluptua. Velit lobortis quis eros eum dolor sea augue aliquam suscipit. Tempor kasd ipsum sanctus ipsum vero dolor illum. Sit sadipscing eos sanctus dolore tempor dolor feugait sadipscing invidunt ipsum at. Rebum sed laoreet no et kasd ut gubergren. Lorem vel consetetur sea luptatum takimata est et. Rebum facilisis illum nulla consequat amet sed autem consetetur aliquyam duo volutpat. Te kasd tincidunt et voluptua dignissim nonumy takimata. Amet duis aliquyam et. Stet sea dolore amet est et labore et aliquyam dolor et amet sed dolor accusam consectetuer et kasd. Sea no vel et justo dolore soluta dolore enim eos stet labore labore diam kasd consetetur amet eos dolor. Augue duo tempor.\nConsectetuer no iriure eirmod invidunt diam amet nonumy diam stet erat duis. Dolor luptatum dolor. Et consetetur amet clita duo. Aliquyam hendrerit ipsum sed takimata commodo aliquyam facilisi et et vero tempor vero eos consetetur. Wisi ut eum eos feugiat dolore ad at odio magna kasd. Rebum et magna et rebum. Luptatum rebum praesent sit justo et accusam odio rebum lorem qui. Tincidunt aliquyam vel kasd eros consequat amet amet ut ipsum erat euismod takimata consetetur.\nSanctus dolore labore sea et assum takimata autem voluptua voluptua amet accusam. At duo veniam consetetur sed et dolore voluptua ipsum takimata ea dolores ipsum diam. Dolores diam aliquyam et takimata eos feugiat magna rebum duis. Diam et et dolor in dolores nonumy no dolores. Consequat magna adipiscing lorem est at at voluptua justo diam justo vero laoreet ipsum dolore. Accumsan sed clita. Tempor ea option ea eirmod gubergren elitr ipsum sit rebum iusto consetetur. Invidunt sit erat velit justo dolor dolore ipsum nonumy amet odio iusto dolor duo justo sit dolore te nulla. Justo at enim magna labore elitr amet ipsum lobortis eos est ipsum at praesent et duis justo sit. Diam nulla rebum praesent odio sed consetetur invidunt tation vero. Dolores est voluptua dolor suscipit ipsum duo dolor dignissim. In dolores facilisis et nonumy ipsum eum nibh ut. Dolore at nonumy lorem sit et sea clita ipsum sed suscipit qui sed et.\nSadipscing erat sadipscing ut nonumy et. Gubergren sanctus clita soluta esse luptatum dolor eos sed. Dolores nisl sed et diam enim vulputate nonumy diam amet sed diam. Exerci facilisi voluptua et voluptua commodo molestie labore stet consetetur luptatum erat sadipscing eirmod molestie elitr rebum.\nMagna sadipscing vero lorem rebum vel et dolore accumsan amet nonumy. Augue et amet clita consetetur takimata consetetur duo. Iusto hendrerit est no consetetur invidunt et voluptua. Luptatum voluptua amet justo no. Eirmod accusam amet consequat sadipscing justo stet takimata vero ad justo elitr consetetur justo in et invidunt no stet. Aliquam dolor sed possim lorem illum tation in. Clita vero stet kasd consequat magna. Rebum eros at. Feugait ut magna quis euismod clita eirmod takimata sed. Vulputate elitr suscipit et minim invidunt tation lorem sit nostrud elit voluptua. Clita est euismod illum dolor eirmod wisi et diam. Tempor duo duo dolore dolores ea suscipit iriure ex. Ea est dignissim takimata iriure sadipscing consetetur eos elitr eirmod. Et diam eros justo liber lorem magna ut. Facer stet magna facer ipsum lorem. Molestie no laoreet et nulla magna odio dolor at lorem enim amet et tempor accusam kasd.\n","publishDate":"2022-02-20T18:51:25.4514054+00:00"},{"id":15,"title":"Book 15","description":"Tempor stet nulla dolor. Ea ut dolor nonummy consetetur dolor at aliquyam iusto nonummy magna eu ut consequat. Justo invidunt luptatum r
[...]
<msg timestamp="20220306 15:51:27.280" level="INFO">Length is 200</msg>
<status status="PASS" starttime="20220306 15:51:27.254" endtime="20220306 15:51:27.282"/>
</kw>
<status status="PASS" starttime="20220306 15:51:27.249" endtime="20220306 15:51:27.282"/>
</kw>
<status status="PASS" starttime="20220306 15:51:24.175" endtime="20220306 15:51:27.283"/>
</test>
<test id="s1-s1-t2" name="Requisitar um livro especifico (GET um livro)">
<kw name="Requisitar o livro &quot;20&quot;" library="resourceFakeAPI" sourcename="Requisitar o livro &quot;${LIVRO_ID}&quot;">
<kw name="GET On Session" library="RequestsLibrary">
<var>${RESPOSTA}</var>
<arg>${ALIAS}</arg>
<arg>Books/${LIVRO_ID}</arg>
<doc>Sends a GET request on a previously created HTTP Session.</doc>
<msg timestamp="20220306 15:51:27.570" level="INFO">GET Request : url=https://fakerestapi.azurewebsites.net/api/v1/Books/20 
 path_url=/api/v1/Books/20 
 headers={'User-Agent': 'python-requests/2.27.1', 'Accept-Encoding': 'gzip, deflate', 'Accept': '*/*', 'Connection': 'keep-alive'} 
 body=None 
 </msg>
<msg timestamp="20220306 15:51:27.571" level="INFO">GET Response : url=https://fakerestapi.azurewebsites.net/api/v1/Books/20 
 status=200, reason=OK 
 headers={'Transfer-Encoding': 'chunked', 'Content-Type': 'application/json; charset=utf-8; v=1.0', 'Server': 'Kestrel', 'api-supported-versions': '1.0', 'Date': 'Sun, 06 Mar 2022 18:51:27 GMT'} 
 body={"id":20,"title":"Book 20","description":"Consetetur elitr sed consetetur delenit duis. Sed sadipscing stet elitr velit takimata kasd sanctus. Eirmod no sed dolor sit at erat et gubergren eu rebum kasd kasd eum lorem ipsum. Ipsum est et sit dolores commodo gubergren rebum. No no feugait eos justo vel aliquyam autem tempor sit rebum magna cum justo eum est et dolores. Liber stet duis aliquyam amet duo feugait clita suscipit lorem et sadipscing qui praesent dolor et justo. Aliquam quis luptatum magna clita quod tempor ut accusam duis esse. Diam erat dolor voluptua sea erat stet erat. Nonumy amet consequat facer ex et justo amet enim dolor. Diam nulla facilisis accusam sit magna sit dolor. Kasd et magna id nonumy no iusto ut hendrerit no lorem invidunt accumsan. Gubergren dolor sit gubergren. Feugiat qui nonumy takimata kasd autem takimata diam eirmod rebum kasd justo et gubergren. Hendrerit vero aliquyam voluptua nobis.\n","pageCount":2000,"excerpt":"Gubergren diam tempor nihil esse ipsum elit dolor justo dolor ipsum. Eum lobortis accusam sea et clita dolore sit. Augue amet diam quod et accusam nulla sadipscing. Aliquip no eirmod et tempor erat accusam feugiat erat est sit feugait amet iusto est. Velit erat duo dolore no ipsum justo dolor diam. Invidunt nulla est gubergren magna. Lorem nulla labore possim et nibh ea duo eirmod takimata ex kasd kasd at aliquam vero invidunt dolores. Tincidunt no dolor magna sed. Ut nonumy illum adipiscing in vero tempor nulla ipsum suscipit ipsum magna labore et. Ipsum lorem imperdiet ut. No ut sit sit.\nTempor est laoreet consetetur feugiat dolore diam dolore. Tempor et illum ea nulla rebum dolor rebum molestie accusam ipsum ut elitr sed consetetur no. Nonumy elitr lorem facilisi et invidunt accusam clita placerat ea tempor ipsum sed delenit clita justo ipsum placerat. Et magna sanctus. At accusam amet sed vero no consetetur nulla tincidunt ut. Aliquyam nisl et aliquip dolores autem clita nisl eos congue luptatum kasd feugait. Elitr dolores dolore est erat sadipscing dolores diam esse sea ut. Consetetur et lorem duis sanctus diam sit ad consetetur diam dolor invidunt accumsan. Molestie eum dolore est accumsan kasd exerci wisi et elitr est et stet sed clita et. Sea minim zzril lorem imperdiet amet autem. Takimata in sadipscing sit sed zzril velit feugiat delenit sed accusam at illum ipsum vero clita. Aliquip clita mazim ut augue no eirmod nonumy vel amet eirmod gubergren sit at. Est clita sit duo zzril iusto adipiscing kasd amet at amet qui eos sea sit magna.\nFeugiat sit eirmod ipsum elitr dolor dolor. Sit invidunt ut invidunt iusto dolore dolore gubergren. Accusam dolor takimata magna. Et ut no no enim diam dolore. Consequat nonumy nonummy invidunt duo aliquyam elitr ut et tation duis. Tempor duis ipsum eos. Vel lorem stet et at iusto amet et iusto. Qui consetetur et ipsum minim mazim lorem ipsum sit possim et duo dolor sit dolor.\nSea vero labore dolor erat dolore sed eu stet justo. Eros et sit dolor magna sit vero facilisi erat. Est dolores nam magna eos hendrerit tempor ipsum vel eum hendrerit eos gubergren hendrerit ipsum. Sed velit labore sed ut. Vero vel diam molestie nulla delenit eirmod dolor consetetur consetetur commodo ipsum invidunt sea dolor lorem. Duo est dolor volutpat takimata no blandit sanctus est lorem consetetur. Duo vero eum vero magna sadipscing accusam. Nonumy labore vulputate sea sit consequat dolor sadipscing laoreet est sed nostrud. Et lorem tempor rebum possim dolores nulla no tincidunt esse voluptua vero kasd gubergren hendrerit blandit. Sanctus rebum at aliquam dolor ut dolore elitr tempor. Consectetuer consetetur et lorem augue labore dolor. Voluptua sea congue quis voluptua ad amet et rebum aliquyam amet eos elitr sanctus laoreet amet amet. Labore aliquam diam. Ut eos dolor aliquyam consetetur duis duis in stet sadipscing voluptua suscipit rebum. Sed magna labore clita vero. Hendrerit soluta nibh rebum sed voluptua ex dolores ipsum consequat sit stet et eum lorem. Sea rebum blandit imperdiet blandit eos blandit lorem magna duo voluptua magna.\nMagna est commodo facilisis vero. Zzril in aliquip. Aliquyam doming dolor gubergren elitr clita tempor blandit tincidunt odio. Takimata rebum iriure dolore ut lorem ut nobis dolore eleifend tempor consetetur aliquyam dolor enim labore. Accusam dolore gubergren. Stet dolore et takimata aliquip voluptua autem duo aliquyam. Et justo diam dolore elitr dolor est voluptua et iriure invidunt sanctus tempor et nobis clita. Imperdiet nihil sed duis sadipscing eros cum consetetur dolore erat rebum et dolor et labore. Takimata adipiscing id dolores lorem dolore adipiscing. Ad sed et praesent takimata consetetur sed accumsan nonumy rebum ipsum accusam vulputate wisi lorem nulla sed eirmod. Suscipit te kasd autem nulla ipsum voluptua. Iriure sea consetetur ea at dolores sit et et. Sit molestie lorem nonumy vulputate voluptua sed justo sit. Elitr et sit. Gubergren hendrerit et ea ipsum eum nibh rebum dolore rebum erat luptatum consetetur amet. Est et eos gubergren ipsum sea dolor eros qui ut esse est hendrerit nibh ut et magna sanctus accumsan. Gubergren consetetur volutpat magna eirmod justo tempor velit. Tincidunt sea ad nonumy sed sed ut. Dolores lorem sed at sit labore quis consectetuer at tempor takimata.\n","publishDate":"2022-02-14T18:51:27.3980657+00:00"} 
 </msg>
<msg timestamp="20220306 15:51:27.571" level="INFO">C:\Python310\lib\site-packages\urllib3\connectionpool.py:1043: InsecureRequestWarning: Unverified HTTPS request is being made to host 'fakerestapi.azurewebsites.net'. Adding certificate verification is strongly advised. See: https://urllib3.readthedocs.io/en/1.26.x/advanced-usage.html#ssl-warnings
  warnings.warn(</msg>
<msg timestamp="20220306 15:51:27.573" level="INFO">${RESPOSTA} = &lt;Response [200]&gt;</msg>
<status status="PASS" starttime="20220306 15:51:27.288" endtime="20220306 15:51:27.574"/>
</kw>
<kw name="Log" library="BuiltIn">
<arg>${RESPOSTA.text}</arg>
<doc>Logs the given message with the given level.</doc>
<msg timestamp="20220306 15:51:27.582" level="INFO">{"id":20,"title":"Book 20","description":"Consetetur elitr sed consetetur delenit duis. Sed sadipscing stet elitr velit takimata kasd sanctus. Eirmod no sed dolor sit at erat et gubergren eu rebum kasd kasd eum lorem ipsum. Ipsum est et sit dolores commodo gubergren rebum. No no feugait eos justo vel aliquyam autem tempor sit rebum magna cum justo eum est et dolores. Liber stet duis aliquyam amet duo feugait clita suscipit lorem et sadipscing qui praesent dolor et justo. Aliquam quis luptatum magna clita quod tempor ut accusam duis esse. Diam erat dolor voluptua sea erat stet erat. Nonumy amet consequat facer ex et justo amet enim dolor. Diam nulla facilisis accusam sit magna sit dolor. Kasd et magna id nonumy no iusto ut hendrerit no lorem invidunt accumsan. Gubergren dolor sit gubergren. Feugiat qui nonumy takimata kasd autem takimata diam eirmod rebum kasd justo et gubergren. Hendrerit vero aliquyam voluptua nobis.\n","pageCount":2000,"excerpt":"Gubergren diam tempor nihil esse ipsum elit dolor justo dolor ipsum. Eum lobortis accusam sea et clita dolore sit. Augue amet diam quod et accusam nulla sadipscing. Aliquip no eirmod et tempor erat accusam feugiat erat est sit feugait amet iusto est. Velit erat duo dolore no ipsum justo dolor diam. Invidunt nulla est gubergren magna. Lorem nulla labore possim et nibh ea duo eirmod takimata ex kasd kasd at aliquam vero invidunt dolores. Tincidunt no dolor magna sed. Ut nonumy illum adipiscing in vero tempor nulla ipsum suscipit ipsum magna labore et. Ipsum lorem imperdiet ut. No ut sit sit.\nTempor est laoreet consetetur feugiat dolore diam dolore. Tempor et illum ea nulla rebum dolor rebum molestie accusam ipsum ut elitr sed consetetur no. Nonumy elitr lorem facilisi et invidunt accusam clita placerat ea tempor ipsum sed delenit clita justo ipsum placerat. Et magna sanctus. At accusam amet sed vero no consetetur nulla tincidunt ut. Aliquyam nisl et aliquip dolores autem clita nisl eos congue luptatum kasd feugait. Elitr dolores dolore est erat sadipscing dolores diam esse sea ut. Consetetur et lorem duis sanctus diam sit ad consetetur diam dolor invidunt accumsan. Molestie eum dolore est accumsan kasd exerci wisi et elitr est et stet sed clita et. Sea minim zzril lorem imperdiet amet autem. Takimata in sadipscing sit sed zzril velit feugiat delenit sed accusam at illum ipsum vero clita. Aliquip clita mazim ut augue no eirmod nonumy vel amet eirmod gubergren sit at. Est clita sit duo zzril iusto adipiscing kasd amet at amet qui eos sea sit magna.\nFeugiat sit eirmod ipsum elitr dolor dolor. Sit invidunt ut invidunt iusto dolore dolore gubergren. Accusam dolor takimata magna. Et ut no no enim diam dolore. Consequat nonumy nonummy invidunt duo aliquyam elitr ut et tation duis. Tempor duis ipsum eos. Vel lorem stet et at iusto amet et iusto. Qui consetetur et ipsum minim mazim lorem ipsum sit possim et duo dolor sit dolor.\nSea vero labore dolor erat dolore sed eu stet justo. Eros et sit dolor magna sit vero facilisi erat. Est dolores nam magna eos hendrerit tempor ipsum vel eum hendrerit eos gubergren hendrerit ipsum. Sed velit labore sed ut. Vero vel diam molestie nulla delenit eirmod dolor consetetur consetetur commodo ipsum invidunt sea dolor lorem. Duo est dolor volutpat takimata no blandit sanctus est lorem consetetur. Duo vero eum vero magna sadipscing accusam. Nonumy labore vulputate sea sit consequat dolor sadipscing laoreet est sed nostrud. Et lorem tempor rebum possim dolores nulla no tincidunt esse voluptua vero kasd gubergren hendrerit blandit. Sanctus rebum at aliquam dolor ut dolore elitr tempor. Consectetuer consetetur et lorem augue labore dolor. Voluptua sea congue quis voluptua ad amet et rebum aliquyam amet eos elitr sanctus laoreet amet amet. Labore aliquam diam. Ut eos dolor aliquyam consetetur duis duis in stet sadipscing voluptua suscipit rebum. Sed magna labore clita vero. Hendrerit soluta nibh rebum sed voluptua ex dolores ipsum consequat sit stet et eum lorem. Sea rebum blandit imperdiet blandit eos blandit lorem magna duo voluptua magna.\nMagna est commodo facilisis vero. Zzril in aliquip. Aliquyam doming dolor gubergren elitr clita tempor blandit tincidunt odio. Takimata rebum iriure dolore ut lorem ut nobis dolore eleifend tempor consetetur aliquyam dolor enim labore. Accusam dolore gubergren. Stet dolore et takimata aliquip voluptua autem duo aliquyam. Et justo diam dolore elitr dolor est voluptua et iriure invidunt sanctus tempor et nobis clita. Imperdiet nihil sed duis sadipscing eros cum consetetur dolore erat rebum et dolor et labore. Takimata adipiscing id dolores lorem dolore adipiscing. Ad sed et praesent takimata consetetur sed accumsan nonumy rebum ipsum accusam vulputate wisi lorem nulla sed eirmod. Suscipit te kasd autem nulla ipsum voluptua. Iriure sea consetetur ea at dolores sit et et. Sit molestie lorem nonumy vulputate voluptua sed justo sit. Elitr et sit. Gubergren hendrerit et ea ipsum eum nibh rebum dolore rebum erat luptatum consetetur amet. Est et eos gubergren ipsum sea dolor eros qui ut esse est hendrerit nibh ut et magna sanctus accumsan. Gubergren consetetur volutpat magna eirmod justo tempor velit. Tincidunt sea ad nonumy sed sed ut. Dolores lorem sed at sit labore quis consectetuer at tempor takimata.\n","publishDate":"2022-02-14T18:51:27.3980657+00:00"}</msg>
<status status="PASS" starttime="20220306 15:51:27.576" endtime="20220306 15:51:27.582"/>
</kw>
<kw name="Set Test Variable" library="BuiltIn">
<arg>${RESPOSTA}</arg>
<doc>Makes a variable available everywhere within the scope of the current test.</doc>
<msg timestamp="20220306 15:51:27.590" level="INFO">${RESPOSTA} = &lt;Response [200]&gt;</msg>
<status status="PASS" starttime="20220306 15:51:27.586" endtime="20220306 15:51:27.590"/>
</kw>
<status status="PASS" starttime="20220306 15:51:27.285" endtime="20220306 15:51:27.593"/>
</kw>
<kw name="Conferir o status code" library="resourceFakeAPI">
<arg>200</arg>
<kw name="Should Be Equal As Strings" library="BuiltIn">
<arg>${RESPOSTA.status_code}</arg>
<arg>${STATUS_CODE_DESEJADO}</arg>
<doc>Fails if objects are unequal after converting them to strings.</doc>
<msg timestamp="20220306 15:51:27.603" level="INFO">Argument types are:
&lt;class 'int'&gt;
&lt;type 'unicode'&gt;</msg>
<status status="PASS" starttime="20220306 15:51:27.598" endtime="20220306 15:51:27.605"/>
</kw>
<status status="PASS" starttime="20220306 15:51:27.594" endtime="20220306 15:51:27.605"/>
</kw>
<kw name="Conferir o reason" library="resourceFakeAPI">
<arg>OK</arg>
<kw name="Should Be Equal As Strings" library="BuiltIn">
<arg>${RESPOSTA.reason}</arg>
<arg>${REASON_DESEJADO}</arg>
<doc>Fails if objects are unequal after converting them to strings.</doc>
<status status="PASS" starttime="20220306 15:51:27.614" endtime="20220306 15:51:27.622"/>
</kw>
<status status="PASS" starttime="20220306 15:51:27.607" endtime="20220306 15:51:27.625"/>
</kw>
<kw name="Conferir dados do livro &quot;20&quot;" library="resourceFakeAPI" sourcename="Conferir dados do livro &quot;${LIVRO_ID}&quot;">
<kw name="Dictionary Should Contain Item" library="Collections">
<arg>${RESPOTA.json()}</arg>
<arg>"{LIVRO_ID}"</arg>
<arg>${BOOK_15.id}</arg>
<doc>An item of ``key`` / ``value`` must be found in a ``dictionary``.</doc>
<msg timestamp="20220306 15:51:27.646" level="FAIL">Resolving variable '${RESPOTA.json()}' failed: Variable '${RESPOTA}' not found. Did you mean:
    ${RESPOSTA}</msg>
<status status="FAIL" starttime="20220306 15:51:27.633" endtime="20220306 15:51:27.649"/>
</kw>
<kw name="Dictionary Should Contain Item" library="Collections">
<arg>${RESPOTA.json()}</arg>
<arg>title</arg>
<arg>${BOOK_15.title}</arg>
<doc>An item of ``key`` / ``value`` must be found in a ``dictionary``.</doc>
<status status="NOT RUN" starttime="20220306 15:51:27.676" endtime="20220306 15:51:27.680"/>
</kw>
<kw name="Dictionary Should Contain Item" library="Collections">
<arg>${RESPOTA.json()}</arg>
<arg>pageCount</arg>
<arg>${BOOK_15.pageCount}</arg>
<doc>An item of ``key`` / ``value`` must be found in a ``dictionary``.</doc>
<status status="NOT RUN" starttime="20220306 15:51:27.681" endtime="20220306 15:51:27.682"/>
</kw>
<kw name="Should Not Be Empty" library="BuiltIn">
<arg>${RESPOTA.json()["description"]}</arg>
<doc>Verifies that the given item is not empty.</doc>
<status status="NOT RUN" starttime="20220306 15:51:27.685" endtime="20220306 15:51:27.687"/>
</kw>
<kw name="Should Not Be Empty" library="BuiltIn">
<arg>${RESPOTA.json()["excerpt"]}</arg>
<doc>Verifies that the given item is not empty.</doc>
<status status="NOT RUN" starttime="20220306 15:51:27.689" endtime="20220306 15:51:27.691"/>
</kw>
<kw name="Should Not Be Empty" library="BuiltIn">
<arg>${RESPOTA.json()["publishDate"]}</arg>
<doc>Verifies that the given item is not empty.</doc>
<status status="NOT RUN" starttime="20220306 15:51:27.694" endtime="20220306 15:51:27.695"/>
</kw>
<status status="FAIL" starttime="20220306 15:51:27.628" endtime="20220306 15:51:27.699"/>
</kw>
<status status="FAIL" starttime="20220306 15:51:27.283" endtime="20220306 15:51:27.704">Resolving variable '${RESPOTA.json()}' failed: Variable '${RESPOTA}' not found. Did you mean:
    ${RESPOSTA}</status>
</test>
<test id="s1-s1-t3" name="Example - Editar corpo de um JSON passado">
<kw name="Catenate" library="BuiltIn">
<var>${json_string}</var>
<arg>{</arg>
<arg>"p": "10",</arg>
<arg>"v": 100,</arg>
<arg>"vt": {</arg>
<arg>"dp": "Field to be edited"</arg>
<arg>}</arg>
<arg>}</arg>
<doc>Catenates the given items together and returns the resulted string.</doc>
<msg timestamp="20220306 15:51:27.717" level="INFO">${json_string} = { "p": "10", "v": 100, "vt": { "dp": "Field to be edited" } }</msg>
<status status="PASS" starttime="20220306 15:51:27.715" endtime="20220306 15:51:27.717"/>
</kw>
<kw name="Log To Console" library="BuiltIn">
<arg>\nOriginal JSON:\n${json_string}</arg>
<doc>Logs the given message to the console.</doc>
<status status="PASS" starttime="20220306 15:51:27.720" endtime="20220306 15:51:27.723"/>
</kw>
<kw name="Alterar corpo de um json">
<var>${newJSON}</var>
<arg>${json_string}</arg>
<arg>vt</arg>
<arg>the new value</arg>
<kw name="Evaluate" library="BuiltIn">
<var>${json}</var>
<arg>json.loads('''${jsonOriginal}''')</arg>
<arg>json</arg>
<doc>Evaluates the given expression in Python and returns the result.</doc>
<msg timestamp="20220306 15:51:27.731" level="INFO">${json} = {'p': '10', 'v': 100, 'vt': {'dp': 'Field to be edited'}}</msg>
<status status="PASS" starttime="20220306 15:51:27.729" endtime="20220306 15:51:27.731"/>
</kw>
<kw name="Set To Dictionary" library="Collections">
<arg>${json["${parametroAlterar}"]}</arg>
<arg>dp=${novoValor}</arg>
<doc>Adds the given ``key_value_pairs`` and ``items`` to the ``dictionary``.</doc>
<status status="PASS" starttime="20220306 15:51:27.731" endtime="20220306 15:51:27.733"/>
</kw>
<kw name="Evaluate" library="BuiltIn">
<var>${novoJson}</var>
<arg>json.dumps(${json})</arg>
<arg>json</arg>
<doc>Evaluates the given expression in Python and returns the result.</doc>
<msg timestamp="20220306 15:51:27.734" level="INFO">${novoJson} = {"p": "10", "v": 100, "vt": {"dp": "the new value"}}</msg>
<status status="PASS" starttime="20220306 15:51:27.733" endtime="20220306 15:51:27.734"/>
</kw>
<msg timestamp="20220306 15:51:27.736" level="INFO">${newJSON} = {"p": "10", "v": 100, "vt": {"dp": "the new value"}}</msg>
<status status="PASS" starttime="20220306 15:51:27.724" endtime="20220306 15:51:27.736"/>
</kw>
<kw name="Log To Console" library="BuiltIn">
<arg>\nNew JSON string:\n${newJSON}</arg>
<doc>Logs the given message to the console.</doc>
<status status="PASS" starttime="20220306 15:51:27.737" endtime="20220306 15:51:27.738"/>
</kw>
<status status="PASS" starttime="20220306 15:51:27.710" endtime="20220306 15:51:27.739"/>
</test>
<doc>Documentação da API: https://fakerestapi.azurewebsites.net/index.html</doc>
<status status="FAIL" starttime="20220306 15:51:23.998" endtime="20220306 15:51:27.743"/>
</suite>
<status status="FAIL" starttime="20220306 15:51:23.919" endtime="20220306 15:51:27.746"/>
</suite>
<statistics>
<total>
<stat pass="2" fail="1" skip="0">All Tests</stat>
</total>
<tag>
</tag>
<suite>
<stat pass="2" fail="1" skip="0" id="s1" name="APILearn">APILearn</stat>
<stat pass="2" fail="1" skip="0" id="s1-s1" name="fakeAPI">APILearn.fakeAPI</stat>
</suite>
</statistics>
<errors>
</errors>
</robot>
